wandb: Currently logged in as: visual-modelling (use `wandb login --relogin` to force relogin)
wandb: Tracking run with wandb version 0.10.0
wandb: Run data is saved locally in wandb/run-20200913_230057-1wtinnsb
wandb: Syncing run default_train
wandb: ⭐️ View project at https://app.wandb.ai/visual-modelling/a_vs_c
wandb: 🚀 View run at https://app.wandb.ai/visual-modelling/a_vs_c/runs/1wtinnsb
wandb: Run `wandb off` to turn off syncing.
input_img           : ../data/AVSD/features/data_img.h5
input_vid           : ../data/AVSD/features/data_video.h5
input_audio         : ../data/AVSD/features/data_audio.h5
input_ques          : ../data/AVSD/features/dialogs.h5
input_json          : ../data/AVSD/features/params.json
img_norm            : 1
img_feature_size    : 4096
vid_feature_size    : 4096
audio_feature_size  : 4096
embed_size          : 300
rnn_hidden_size     : 512
num_layers          : 2
max_history_len     : 60
dropout             : 0.5
input_type          : question_dialog_video_audio
encoder             : lf-ques-im-hist
concat_history      : True
decoder             : disc
jobname             : default_train
num_epochs          : 20
batch_size          : 12
lr                  : 0.001
lr_decay_rate       : 0.9997592083
min_lr              : 5e-05
weight_init         : xavier
weight_decay        : 0.00075
overfit             : False
gpuid               : 0
load_path           : /home/jumperkables/kable_management/projects/a_vs_c/avsd/.results/default/6.pth
save_path           : /home/jumperkables/kable_management/projects/a_vs_c/avsd/.results/default
save_step           : 2
log                 : True
Dataloader loading json file: /home/jumperkables/kable_management/data/AVSD/features/params.json
Vocab size with <START>, <END>: 4563
Dataloader loading h5 file: /home/jumperkables/kable_management/data/AVSD/features/dialogs.h5
Dataloader loading h5 file: /home/jumperkables/kable_management/data/AVSD/features/data_video.h5
Dataloader loading h5 file: /home/jumperkables/kable_management/data/AVSD/features/data_audio.h5

Processing split [train]...
Reading video features...
Reading audio features...
[train] no. of threads: 7985
	Max no. of rounds: 10
	Max ques len: 20
	Max ans len: 20
Dataloader loading json file: /home/jumperkables/kable_management/data/AVSD/features/params.json
Vocab size with <START>, <END>: 4563
Dataloader loading h5 file: /home/jumperkables/kable_management/data/AVSD/features/dialogs.h5
Dataloader loading h5 file: /home/jumperkables/kable_management/data/AVSD/features/data_video.h5
Dataloader loading h5 file: /home/jumperkables/kable_management/data/AVSD/features/data_audio.h5

Processing split [val]...
Reading video features...
Reading audio features...
[val] no. of threads: 1863
	Max no. of rounds: 10
	Max ques len: 20
	Max ans len: 20
666 iter per epoch.
Loaded model from /home/jumperkables/kable_management/projects/a_vs_c/avsd/.results/default/6.pth
Encoder: lf-ques-im-hist
Decoder: disc
Training start time: 13-Sep-2020-22:01:06
