wandb: Currently logged in as: visual-modelling (use `wandb login --relogin` to force relogin)
wandb: wandb version 0.10.4 is available!  To upgrade, please run:
wandb:  $ pip install wandb --upgrade
wandb: Tracking run with wandb version 0.10.0
wandb: Run data is saved locally in wandb/run-20201007_162621-f9z580rs
wandb: Syncing run dva_MRC-conclt500_train
wandb: ⭐️ View project at https://app.wandb.ai/visual-modelling/a_vs_c
wandb: 🚀 View run at https://app.wandb.ai/visual-modelling/a_vs_c/runs/f9z580rs
wandb: Run `wandb off` to turn off syncing.
input_img           : ../data/AVSD/features/data_img.h5
input_vid           : ../data/AVSD/features/data_video.h5
input_audio         : ../data/AVSD/features/data_audio.h5
input_ques          : ../data/AVSD/features/dialogs.h5
input_json          : ../data/AVSD/features/params.json
img_norm            : 1
img_feature_size    : 4096
vid_feature_size    : 4096
audio_feature_size  : 4096
embed_size          : 300
rnn_hidden_size     : 512
num_layers          : 2
max_history_len     : 60
dropout             : 0.5
input_type          : question_video_audio
encoder             : lf-ques-im-hist
concat_history      : True
decoder             : disc
jobname             : dva_MRC-conclt500_train
num_epochs          : 20
batch_size          : 12
lr                  : 0.001
lr_decay_rate       : 0.9997592083
min_lr              : 5e-05
weight_init         : xavier
weight_decay        : 0.00075
overfit             : False
gpuid               : 0
load_path           : /home/jumperkables/kable_management/projects/a_vs_c/avsd
save_path           : /home/jumperkables/kable_management/projects/a_vs_c/avsd/.results/dva_MRC-conclt500
save_step           : 2
log                 : True
mrc_norms_conditions: ['conc-lt-500']
load_flag           : False
Dataloader loading json file: /home/jumperkables/kable_management/data/AVSD/features/params.json
Vocab size with <START>, <END>: 4563
Dataloader loading h5 file: /home/jumperkables/kable_management/data/AVSD/features/dialogs.h5
Dataloader loading h5 file: /home/jumperkables/kable_management/data/AVSD/features/data_video.h5
Dataloader loading h5 file: /home/jumperkables/kable_management/data/AVSD/features/data_audio.h5

Processing split [train]...
Reading video features...
Reading audio features...
[train] no. of threads: 7985
	Max no. of rounds: 10
	Max ques len: 20
	Max ans len: 20
Dataloader loading json file: /home/jumperkables/kable_management/data/AVSD/features/params.json
Vocab size with <START>, <END>: 4563
Dataloader loading h5 file: /home/jumperkables/kable_management/data/AVSD/features/dialogs.h5
Dataloader loading h5 file: /home/jumperkables/kable_management/data/AVSD/features/data_video.h5
Dataloader loading h5 file: /home/jumperkables/kable_management/data/AVSD/features/data_audio.h5

Processing split [val]...
Reading video features...
Reading audio features...
[val] no. of threads: 1863
	Max no. of rounds: 10
	Max ques len: 20
	Max ans len: 20
666 iter per epoch.
Encoder: lf-ques-im-hist
Decoder: disc
Training start time: 07-Oct-2020-15:26:50
	No. questions: 18630
	r@1: 0.015512614063338702
	r@5: 0.07101449275362319
	r@10: 0.14889962426194311
	meanR: 37.125389099121094
	meanRR: 0.07022675126791
[0:01:12.917853][Epoch:   1][Iter:      0][Loss: 4.778636][val loss: 7.499683][lr: 0.001000]
	No. questions: 18630
	r@1: 0.027750939345142243
	r@5: 0.12506709608158884
	r@10: 0.24353193773483628
	meanR: 25.189908981323242
	meanRR: 0.1050594300031662
[0:03:46.700514][Epoch:   1][Iter:    100][Loss: 4.461116][val loss: 4.277233][lr: 0.000976]
	No. questions: 18630
	r@1: 0.04363929146537842
	r@5: 0.192109500805153
	r@10: 0.3457326892109501
	meanR: 20.92989730834961
	meanRR: 0.1403929591178894
[0:06:21.390376][Epoch:   1][Iter:    200][Loss: 4.131817][val loss: 4.022954][lr: 0.000953]
	No. questions: 18630
	r@1: 0.05367686527106817
	r@5: 0.24095544820182502
	r@10: 0.4293612453032743
	meanR: 16.237197875976562
	meanRR: 0.16823922097682953
[0:08:56.513391][Epoch:   1][Iter:    300][Loss: 3.834686][val loss: 3.798536][lr: 0.000930]
	No. questions: 18630
	r@1: 0.06908212560386473
	r@5: 0.28845947396672034
	r@10: 0.48840579710144927
	meanR: 14.22254467010498
	meanRR: 0.1945551335811615
[0:11:31.575990][Epoch:   1][Iter:    400][Loss: 3.663634][val loss: 3.607598][lr: 0.000908]
	No. questions: 18630
	r@1: 0.07573805689747719
	r@5: 0.30665593129361246
	r@10: 0.5184111647879763
	meanR: 13.487332344055176
	meanRR: 0.20547592639923096
[0:14:06.541440][Epoch:   1][Iter:    500][Loss: 3.528923][val loss: 3.567671][lr: 0.000886]
	No. questions: 18630
	r@1: 0.09194847020933977
	r@5: 0.3587761674718196
	r@10: 0.5734836285560924
	meanR: 12.082340240478516
	meanRR: 0.23343612253665924
[0:16:41.273782][Epoch:   1][Iter:    600][Loss: 3.441918][val loss: 3.423248][lr: 0.000865]
	No. questions: 18630
	r@1: 0.09822866344605476
	r@5: 0.3617283950617284
	r@10: 0.5718733225979603
	meanR: 12.140204429626465
	meanRR: 0.23795974254608154
[0:18:46.564503][Epoch:   2][Iter:    666][Loss: 3.393069][val loss: 3.409568][lr: 0.000852]
	No. questions: 18630
	r@1: 0.107085346215781
	r@5: 0.3760601180891036
	r@10: 0.5864197530864198
	meanR: 11.86623764038086
	meanRR: 0.24810846149921417
[0:21:19.992107][Epoch:   2][Iter:    766][Loss: 3.251978][val loss: 3.390289][lr: 0.000831]
	No. questions: 18630
	r@1: 0.11202361782071928
	r@5: 0.39060654857756305
	r@10: 0.6001073537305421
	meanR: 11.298550605773926
	meanRR: 0.256222665309906
[0:23:53.481331][Epoch:   2][Iter:    866][Loss: 3.223047][val loss: 3.356692][lr: 0.000812]
	No. questions: 18630
	r@1: 0.11293612453032743
	r@5: 0.4040257648953301
	r@10: 0.6246376811594203
	meanR: 10.642512321472168
	meanRR: 0.2620283365249634
[0:26:26.733734][Epoch:   2][Iter:    966][Loss: 3.235254][val loss: 3.276283][lr: 0.000792]
	No. questions: 18630
	r@1: 0.12705314009661836
	r@5: 0.42098765432098767
	r@10: 0.6254428341384863
	meanR: 10.686419486999512
	meanRR: 0.2752540707588196
[0:29:00.074522][Epoch:   2][Iter:   1066][Loss: 3.157993][val loss: 3.267324][lr: 0.000773]
	No. questions: 18630
	r@1: 0.12485238862050456
	r@5: 0.42925389157273214
	r@10: 0.6539452495974235
	meanR: 9.950724601745605
	meanRR: 0.2776877284049988
[0:31:33.337249][Epoch:   2][Iter:   1166][Loss: 3.146293][val loss: 3.199792][lr: 0.000755]
	No. questions: 18630
	r@1: 0.12292002147074611
	r@5: 0.4246913580246914
	r@10: 0.64723564143854
	meanR: 10.027214050292969
	meanRR: 0.2752205431461334
[0:34:07.262585][Epoch:   2][Iter:   1266][Loss: 3.146052][val loss: 3.211875][lr: 0.000737]
	No. questions: 18630
	r@1: 0.13387010198604402
	r@5: 0.4516371443907676
	r@10: 0.6743961352657005
	meanR: 9.550241470336914
	meanRR: 0.2904914617538452
[0:36:14.405363][Epoch:   3][Iter:   1332][Loss: 3.124964][val loss: 3.141124][lr: 0.000725]
	No. questions: 18630
	r@1: 0.14122383252818035
	r@5: 0.4604401502952228
	r@10: 0.6751476113794954
	meanR: 9.63633918762207
	meanRR: 0.2982495129108429
[0:38:48.218385][Epoch:   3][Iter:   1432][Loss: 3.011281][val loss: 3.144976][lr: 0.000708]
	No. questions: 18630
	r@1: 0.14245840042941493
	r@5: 0.46451959205582394
	r@10: 0.6770263016639828
	meanR: 9.414814949035645
	meanRR: 0.299495667219162
[0:41:22.970485][Epoch:   3][Iter:   1532][Loss: 3.042354][val loss: 3.113996][lr: 0.000691]
	No. questions: 18630
	r@1: 0.14208266237251743
	r@5: 0.46076221148684915
	r@10: 0.6764895330112721
	meanR: 9.527589797973633
	meanRR: 0.29949837923049927
[0:43:56.631862][Epoch:   3][Iter:   1632][Loss: 3.009274][val loss: 3.124158][lr: 0.000675]
	No. questions: 18630
	r@1: 0.15120772946859903
	r@5: 0.47627482555018785
	r@10: 0.6941492216854536
	meanR: 9.172517776489258
	meanRR: 0.3090441823005676
[0:46:30.276721][Epoch:   3][Iter:   1732][Loss: 2.978093][val loss: 3.078181][lr: 0.000659]
	No. questions: 18630
	r@1: 0.15356951154052603
	r@5: 0.4829307568438003
	r@10: 0.696886741814278
	meanR: 8.926301956176758
	meanRR: 0.3130820691585541
[0:49:03.807949][Epoch:   3][Iter:   1832][Loss: 2.968092][val loss: 3.054960][lr: 0.000643]
	No. questions: 18630
	r@1: 0.15432098765432098
	r@5: 0.4856682769726248
	r@10: 0.7009125067096081
	meanR: 8.951851844787598
	meanRR: 0.3151687979698181
[0:51:38.040235][Epoch:   3][Iter:   1932][Loss: 2.985292][val loss: 3.057123][lr: 0.000628]
	No. questions: 18630
	r@1: 0.16247987117552334
	r@5: 0.49753086419753084
	r@10: 0.7120236178207193
	meanR: 8.603435516357422
	meanRR: 0.3239160478115082
[0:53:44.332547][Epoch:   4][Iter:   1998][Loss: 2.952447][val loss: 3.011910][lr: 0.000618]
	No. questions: 18630
	r@1: 0.15754159957058508
	r@5: 0.49463231347289316
	r@10: 0.7082662372517445
	meanR: 8.760494232177734
	meanRR: 0.3181140124797821
[0:56:18.469200][Epoch:   4][Iter:   2098][Loss: 2.821806][val loss: 3.049290][lr: 0.000603]
	No. questions: 18630
	r@1: 0.14895330112721417
	r@5: 0.4759527643585615
	r@10: 0.6963499731615673
	meanR: 8.907890319824219
	meanRR: 0.3096327483654022
[0:58:52.522694][Epoch:   4][Iter:   2198][Loss: 2.889405][val loss: 3.064579][lr: 0.000589]
	No. questions: 18630
	r@1: 0.1689747718733226
	r@5: 0.5070316693505099
	r@10: 0.7249597423510467
	meanR: 8.363177299499512
	meanRR: 0.3306080102920532
[1:01:26.303104][Epoch:   4][Iter:   2298][Loss: 2.886697][val loss: 2.971773][lr: 0.000575]
	No. questions: 18630
	r@1: 0.16580783682232958
	r@5: 0.5170155662909286
	r@10: 0.7223832528180354
	meanR: 8.32699966430664
	meanRR: 0.3303355574607849
[1:04:00.275506][Epoch:   4][Iter:   2398][Loss: 2.899339][val loss: 2.977244][lr: 0.000561]
	No. questions: 18630
	r@1: 0.16849168008588297
	r@5: 0.5158346752549651
	r@10: 0.7266774020397209
	meanR: 8.265432357788086
	meanRR: 0.33298027515411377
[1:06:34.283525][Epoch:   4][Iter:   2498][Loss: 2.871433][val loss: 2.965539][lr: 0.000548]
	No. questions: 18630
	r@1: 0.17241009125067097
	r@5: 0.5181964573268921
	r@10: 0.7297906602254428
	meanR: 8.16822338104248
	meanRR: 0.3374119699001312
[1:09:08.605189][Epoch:   4][Iter:   2598][Loss: 2.841032][val loss: 2.947035][lr: 0.000535]
	No. questions: 18630
	r@1: 0.16333870101986045
	r@5: 0.5059581320450885
	r@10: 0.7192699946323134
	meanR: 8.399087905883789
	meanRR: 0.3266948461532593
[1:11:15.190327][Epoch:   5][Iter:   2664][Loss: 2.835563][val loss: 2.990383][lr: 0.000526]
	No. questions: 18630
	r@1: 0.16580783682232958
	r@5: 0.5106280193236715
	r@10: 0.7184111647879764
	meanR: 8.50069808959961
	meanRR: 0.3293331265449524
[1:13:49.963471][Epoch:   5][Iter:   2764][Loss: 2.764711][val loss: 2.997462][lr: 0.000514]
	No. questions: 18630
	r@1: 0.17278582930756844
	r@5: 0.5199141170155663
	r@10: 0.7290928609769189
	meanR: 8.301019668579102
	meanRR: 0.33627331256866455
[1:16:24.440485][Epoch:   5][Iter:   2864][Loss: 2.725329][val loss: 2.972620][lr: 0.000502]
	No. questions: 18630
	r@1: 0.18056897477187334
	r@5: 0.5296296296296297
	r@10: 0.7364465915190553
	meanR: 8.012238502502441
	meanRR: 0.34634771943092346
[1:18:59.642687][Epoch:   5][Iter:   2964][Loss: 2.809367][val loss: 2.920357][lr: 0.000490]
	No. questions: 18630
	r@1: 0.17579173376274826
	r@5: 0.5271068169618894
	r@10: 0.7323671497584541
	meanR: 8.162801742553711
	meanRR: 0.34107542037963867
[1:21:34.605516][Epoch:   5][Iter:   3064][Loss: 2.791310][val loss: 2.947912][lr: 0.000478]
	No. questions: 18630
	r@1: 0.17509393451422436
	r@5: 0.5251207729468599
	r@10: 0.740955448201825
	meanR: 7.995652198791504
	meanRR: 0.3404635488986969
[1:24:08.190052][Epoch:   5][Iter:   3164][Loss: 2.740362][val loss: 2.932719][lr: 0.000467]
	No. questions: 18630
	r@1: 0.18073000536768652
	r@5: 0.529200214707461
	r@10: 0.7367149758454107
	meanR: 7.965646743774414
	meanRR: 0.34645572304725647
[1:26:41.825444][Epoch:   5][Iter:   3264][Loss: 2.799296][val loss: 2.913699][lr: 0.000456]
	No. questions: 18630
	r@1: 0.18625872249060654
	r@5: 0.5392914653784219
	r@10: 0.7453032742887815
	meanR: 7.861191749572754
	meanRR: 0.35229918360710144
[1:28:47.460821][Epoch:   6][Iter:   3330][Loss: 2.756991][val loss: 2.891773][lr: 0.000448]
	No. questions: 18630
	r@1: 0.1836285560923242
	r@5: 0.5329039184111648
	r@10: 0.7410628019323672
	meanR: 7.971390247344971
	meanRR: 0.349081426858902
[1:31:21.819741][Epoch:   6][Iter:   3430][Loss: 2.641693][val loss: 2.915622][lr: 0.000438]
	No. questions: 18630
	r@1: 0.18421900161030597
	r@5: 0.5391304347826087
	r@10: 0.7434245840042941
	meanR: 8.013096809387207
	meanRR: 0.35124635696411133
[1:33:56.273062][Epoch:   6][Iter:   3530][Loss: 2.663733][val loss: 2.912645][lr: 0.000427]
	No. questions: 18630
	r@1: 0.16790123456790124
	r@5: 0.5133118625872249
	r@10: 0.7304884594739667
	meanR: 8.222383499145508
	meanRR: 0.33327165246009827
[1:36:29.863916][Epoch:   6][Iter:   3630][Loss: 2.710545][val loss: 2.963645][lr: 0.000417]
	No. questions: 18630
	r@1: 0.17713365539452497
	r@5: 0.5238862050456253
	r@10: 0.7378958668813741
	meanR: 8.010520935058594
	meanRR: 0.34261831641197205
[1:39:03.443192][Epoch:   6][Iter:   3730][Loss: 2.709160][val loss: 2.926818][lr: 0.000407]
	No. questions: 18630
	r@1: 0.18169618894256576
	r@5: 0.5361782071926999
	r@10: 0.7427804616210413
	meanR: 7.859366416931152
	meanRR: 0.347965806722641
[1:41:37.625961][Epoch:   6][Iter:   3830][Loss: 2.696932][val loss: 2.900994][lr: 0.000397]
	No. questions: 18630
	r@1: 0.1927536231884058
	r@5: 0.5457326892109501
	r@10: 0.7540526033279656
	meanR: 7.634138584136963
	meanRR: 0.3583108186721802
[1:44:11.804353][Epoch:   6][Iter:   3930][Loss: 2.661622][val loss: 2.865628][lr: 0.000388]
	No. questions: 18630
	r@1: 0.18996242619431025
	r@5: 0.544068706387547
	r@10: 0.7530327428878153
	meanR: 7.728126525878906
	meanRR: 0.35642507672309875
[1:46:17.868023][Epoch:   7][Iter:   3996][Loss: 2.727734][val loss: 2.867517][lr: 0.000382]
	No. questions: 18630
	r@1: 0.18947933440687065
	r@5: 0.5477187332259796
	r@10: 0.7542136339237788
	meanR: 7.6818037033081055
	meanRR: 0.3567233383655548
[1:48:52.012785][Epoch:   7][Iter:   4096][Loss: 2.550410][val loss: 2.880584][lr: 0.000373]
	No. questions: 18630
	r@1: 0.1868491680085883
	r@5: 0.5360171765968867
	r@10: 0.746484165324745
	meanR: 7.869297027587891
	meanRR: 0.35242730379104614
[1:51:26.319136][Epoch:   7][Iter:   4196][Loss: 2.559175][val loss: 2.910255][lr: 0.000364]
	No. questions: 18630
	r@1: 0.1927536231884058
	r@5: 0.5481481481481482
	r@10: 0.7580246913580246
	meanR: 7.58931827545166
	meanRR: 0.359250545501709
[1:54:01.381375][Epoch:   7][Iter:   4296][Loss: 2.618839][val loss: 2.851110][lr: 0.000355]
	No. questions: 18630
	r@1: 0.19291465378421901
	r@5: 0.5489533011272142
	r@10: 0.75829307568438
	meanR: 7.620612144470215
	meanRR: 0.36059728264808655
[1:56:36.635647][Epoch:   7][Iter:   4396][Loss: 2.618713][val loss: 2.858886][lr: 0.000347]
	No. questions: 18630
	r@1: 0.19667203435319378
	r@5: 0.5555018786902844
	r@10: 0.7602254428341385
	meanR: 7.517391204833984
	meanRR: 0.3646644651889801
[1:59:11.356910][Epoch:   7][Iter:   4496][Loss: 2.664572][val loss: 2.834472][lr: 0.000339]
	No. questions: 18630
	r@1: 0.19774557165861514
	r@5: 0.5564143853998926
	r@10: 0.7608695652173914
	meanR: 7.455072402954102
	meanRR: 0.3657808303833008
[2:01:45.910916][Epoch:   7][Iter:   4596][Loss: 2.651402][val loss: 2.834332][lr: 0.000331]
	No. questions: 18630
	r@1: 0.20096618357487922
	r@5: 0.5576489533011272
	r@10: 0.7614600107353731
	meanR: 7.44256591796875
	meanRR: 0.36737316846847534
[2:03:51.308323][Epoch:   8][Iter:   4662][Loss: 2.654331][val loss: 2.824771][lr: 0.000325]
	No. questions: 18630
	r@1: 0.19286097691894794
	r@5: 0.5482555018786903
	r@10: 0.755126140633387
	meanR: 7.646323204040527
	meanRR: 0.3599482476711273
[2:06:25.789176][Epoch:   8][Iter:   4762][Loss: 2.497266][val loss: 2.879681][lr: 0.000318]
	No. questions: 18630
	r@1: 0.19860440150295222
	r@5: 0.5557702630166398
	r@10: 0.7607622114868492
	meanR: 7.5680623054504395
	meanRR: 0.36452141404151917
[2:08:59.492832][Epoch:   8][Iter:   4862][Loss: 2.514189][val loss: 2.855769][lr: 0.000310]
	No. questions: 18630
	r@1: 0.19350509930220075
	r@5: 0.5538378958668814
	r@10: 0.760654857756307
	meanR: 7.538915634155273
	meanRR: 0.36147159337997437
[2:11:33.136885][Epoch:   8][Iter:   4962][Loss: 2.565839][val loss: 2.857600][lr: 0.000303]
	No. questions: 18630
	r@1: 0.19957058507783146
	r@5: 0.5514761137949544
	r@10: 0.7574879227053141
	meanR: 7.626140594482422
	meanRR: 0.36441919207572937
[2:14:08.036817][Epoch:   8][Iter:   5062][Loss: 2.552999][val loss: 2.849544][lr: 0.000295]
	No. questions: 18630
	r@1: 0.20064412238325283
	r@5: 0.5559849704777241
	r@10: 0.7605475040257649
	meanR: 7.523188591003418
	meanRR: 0.36746811866760254
[2:16:42.530584][Epoch:   8][Iter:   5162][Loss: 2.547453][val loss: 2.841689][lr: 0.000288]
	No. questions: 18630
	r@1: 0.20424047235641438
	r@5: 0.566881374127751
	r@10: 0.77085346215781
	meanR: 7.323134899139404
	meanRR: 0.3718504011631012
[2:19:16.864639][Epoch:   8][Iter:   5262][Loss: 2.589731][val loss: 2.814887][lr: 0.000282]
	No. questions: 18630
	r@1: 0.19801395598497049
	r@5: 0.5634997316156737
	r@10: 0.77085346215781
	meanR: 7.304991722106934
	meanRR: 0.3681350648403168
[2:21:23.176449][Epoch:   9][Iter:   5328][Loss: 2.554316][val loss: 2.812199][lr: 0.000277]
	No. questions: 18630
	r@1: 0.20075147611379496
	r@5: 0.5652173913043478
	r@10: 0.7650563607085347
	meanR: 7.391411781311035
	meanRR: 0.3698423504829407
[2:23:56.658794][Epoch:   9][Iter:   5428][Loss: 2.420163][val loss: 2.834209][lr: 0.000271]
	No. questions: 18630
	r@1: 0.20687063875469672
	r@5: 0.562157809983897
	r@10: 0.7647342995169082
	meanR: 7.444498062133789
	meanRR: 0.3723580241203308
[2:26:30.178212][Epoch:   9][Iter:   5528][Loss: 2.475477][val loss: 2.840436][lr: 0.000264]
	No. questions: 18630
	r@1: 0.20611916264090177
	r@5: 0.5684380032206119
	r@10: 0.7704240472356414
	meanR: 7.300000190734863
	meanRR: 0.37438666820526123
[2:29:04.351352][Epoch:   9][Iter:   5628][Loss: 2.448668][val loss: 2.809449][lr: 0.000258]
	No. questions: 18630
	r@1: 0.19457863660762212
	r@5: 0.5499731615673644
	r@10: 0.7557702630166399
	meanR: 7.665002822875977
	meanRR: 0.36055928468704224
[2:31:38.695875][Epoch:   9][Iter:   5728][Loss: 2.469649][val loss: 2.875349][lr: 0.000252]
	No. questions: 18630
	r@1: 0.1927536231884058
	r@5: 0.5556092324208266
	r@10: 0.7624261943102523
	meanR: 7.508856773376465
	meanRR: 0.3612517714500427
[2:34:12.896424][Epoch:   9][Iter:   5828][Loss: 2.476609][val loss: 2.865294][lr: 0.000246]
	No. questions: 18630
	r@1: 0.21121846484165324
	r@5: 0.5727858293075684
	r@10: 0.7709071390230811
	meanR: 7.20579719543457
	meanRR: 0.3794318735599518
[2:36:47.463413][Epoch:   9][Iter:   5928][Loss: 2.504057][val loss: 2.779899][lr: 0.000240]
	No. questions: 18630
	r@1: 0.207085346215781
	r@5: 0.5723564143853999
	r@10: 0.7775630703166935
	meanR: 7.16398286819458
	meanRR: 0.3763076961040497
[2:38:53.433124][Epoch:  10][Iter:   5994][Loss: 2.532749][val loss: 2.786485][lr: 0.000236]
	No. questions: 18630
	r@1: 0.2050456253354804
	r@5: 0.5714975845410628
	r@10: 0.7727321524422973
	meanR: 7.2803544998168945
	meanRR: 0.3750210404396057
[2:41:27.492366][Epoch:  10][Iter:   6094][Loss: 2.386039][val loss: 2.829636][lr: 0.000230]
	No. questions: 18630
	r@1: 0.19801395598497049
	r@5: 0.5558239398819109
	r@10: 0.7631776704240473
	meanR: 7.544713020324707
	meanRR: 0.3654395639896393
[2:44:02.029107][Epoch:  10][Iter:   6194][Loss: 2.425235][val loss: 2.854266][lr: 0.000225]
	No. questions: 18630
	r@1: 0.2052066559312936
	r@5: 0.567793880837359
	r@10: 0.7698336017176597
	meanR: 7.317015647888184
	meanRR: 0.37309637665748596
[2:46:36.570887][Epoch:  10][Iter:   6294][Loss: 2.436208][val loss: 2.814749][lr: 0.000220]
	No. questions: 18630
	r@1: 0.20907139023081053
	r@5: 0.5757380568974771
	r@10: 0.7759527643585614
	meanR: 7.262640953063965
	meanRR: 0.37853917479515076
[2:49:11.213272][Epoch:  10][Iter:   6394][Loss: 2.433038][val loss: 2.798388][lr: 0.000214]
	No. questions: 18630
	r@1: 0.2128287707997853
	r@5: 0.5764358561460011
	r@10: 0.774074074074074
	meanR: 7.217606067657471
	meanRR: 0.3806207776069641
[2:51:45.152125][Epoch:  10][Iter:   6494][Loss: 2.450526][val loss: 2.798136][lr: 0.000209]
	No. questions: 18630
	r@1: 0.21170155662909287
	r@5: 0.5808373590982286
	r@10: 0.7810520665593129
	meanR: 7.111003875732422
	meanRR: 0.3817303776741028
[2:54:18.902576][Epoch:  10][Iter:   6594][Loss: 2.422567][val loss: 2.781083][lr: 0.000204]
	No. questions: 18630
	r@1: 0.2069243156199678
	r@5: 0.5637144390767579
	r@10: 0.7709071390230811
	meanR: 7.282716274261475
	meanRR: 0.3744577169418335
[2:56:24.727830][Epoch:  11][Iter:   6660][Loss: 2.511101][val loss: 2.810161][lr: 0.000201]
	No. questions: 18630
	r@1: 0.20901771336553945
	r@5: 0.5717122920021471
	r@10: 0.773161567364466
	meanR: 7.247289180755615
	meanRR: 0.37710267305374146
[2:58:58.199052][Epoch:  11][Iter:   6760][Loss: 2.329234][val loss: 2.809737][lr: 0.000196]
	No. questions: 18630
	r@1: 0.20563607085346217
	r@5: 0.5666666666666667
	r@10: 0.7698872785829307
	meanR: 7.360010623931885
	meanRR: 0.373338907957077
[3:01:31.907156][Epoch:  11][Iter:   6860][Loss: 2.351038][val loss: 2.832552][lr: 0.000192]
	No. questions: 18630
	r@1: 0.20547504025764896
	r@5: 0.5747181964573269
	r@10: 0.7790660225442834
	meanR: 7.21905517578125
	meanRR: 0.3760100305080414
[3:04:05.723907][Epoch:  11][Iter:   6960][Loss: 2.382349][val loss: 2.806423][lr: 0.000187]
	No. questions: 18630
	r@1: 0.21427804616210414
	r@5: 0.5775093934514224
	r@10: 0.7797638217928073
	meanR: 7.1530327796936035
	meanRR: 0.3836655020713806
[3:06:40.026860][Epoch:  11][Iter:   7060][Loss: 2.358085][val loss: 2.789746][lr: 0.000183]
	No. questions: 18630
	r@1: 0.20966183574879227
	r@5: 0.5693505099302201
	r@10: 0.7743424584004294
	meanR: 7.280837535858154
	meanRR: 0.37743425369262695
[3:09:14.701640][Epoch:  11][Iter:   7160][Loss: 2.366843][val loss: 2.811237][lr: 0.000178]
	No. questions: 18630
	r@1: 0.2096081588835212
	r@5: 0.5764895330112721
	r@10: 0.7799248523886205
	meanR: 7.150509834289551
	meanRR: 0.37903299927711487
[3:11:47.884231][Epoch:  11][Iter:   7260][Loss: 2.384975][val loss: 2.801064][lr: 0.000174]
	No. questions: 18630
	r@1: 0.21266774020397208
	r@5: 0.5738056897477187
	r@10: 0.7776704240472356
	meanR: 7.164358615875244
	meanRR: 0.3813222646713257
[3:13:53.186282][Epoch:  12][Iter:   7326][Loss: 2.392904][val loss: 2.794243][lr: 0.000171]
	No. questions: 18630
	r@1: 0.20971551261406335
	r@5: 0.5738593666129898
	r@10: 0.7735373054213633
	meanR: 7.214707374572754
	meanRR: 0.3787303566932678
[3:16:26.333557][Epoch:  12][Iter:   7426][Loss: 2.276456][val loss: 2.818392][lr: 0.000167]
	No. questions: 18630
	r@1: 0.21261406333870103
	r@5: 0.5698336017176597
	r@10: 0.7739130434782608
	meanR: 7.242995262145996
	meanRR: 0.3793829083442688
[3:18:59.684295][Epoch:  12][Iter:   7526][Loss: 2.293036][val loss: 2.807329][lr: 0.000163]
	No. questions: 18630
	r@1: 0.20515297906602253
	r@5: 0.5728931830381105
	r@10: 0.778690284487386
	meanR: 7.16682767868042
	meanRR: 0.3757244944572449
[3:21:33.097963][Epoch:  12][Iter:   7626][Loss: 2.321586][val loss: 2.820310][lr: 0.000159]
	No. questions: 18630
	r@1: 0.21266774020397208
	r@5: 0.5717122920021471
	r@10: 0.7728395061728395
	meanR: 7.238325119018555
	meanRR: 0.38002169132232666
[3:24:06.519052][Epoch:  12][Iter:   7726][Loss: 2.276090][val loss: 2.828114][lr: 0.000156]
	No. questions: 18630
	r@1: 0.21932367149758455
	r@5: 0.5809447128287708
	r@10: 0.7784755770263017
	meanR: 7.192538738250732
	meanRR: 0.3866836726665497
[3:26:40.064951][Epoch:  12][Iter:   7826][Loss: 2.357541][val loss: 2.787582][lr: 0.000152]
	No. questions: 18630
	r@1: 0.2076221148684917
	r@5: 0.5726247987117552
	r@10: 0.7744498121309715
	meanR: 7.232206344604492
	meanRR: 0.376973032951355
[3:29:14.065411][Epoch:  12][Iter:   7926][Loss: 2.348410][val loss: 2.814493][lr: 0.000148]
	No. questions: 18630
	r@1: 0.21663982823403113
	r@5: 0.581052066559313
	r@10: 0.784326355340848
	meanR: 7.049812316894531
	meanRR: 0.38510459661483765
[3:31:21.053123][Epoch:  13][Iter:   7992][Loss: 2.303315][val loss: 2.785859][lr: 0.000146]
	No. questions: 18630
	r@1: 0.21427804616210414
	r@5: 0.5815888352120236
	r@10: 0.782608695652174
	meanR: 7.096940517425537
	meanRR: 0.38408350944519043
[3:33:56.254960][Epoch:  13][Iter:   8092][Loss: 2.199450][val loss: 2.802799][lr: 0.000142]
	No. questions: 18630
	r@1: 0.21014492753623187
	r@5: 0.5743961352657004
	r@10: 0.7761137949543747
	meanR: 7.197691917419434
	meanRR: 0.3785909414291382
[3:36:31.128753][Epoch:  13][Iter:   8192][Loss: 2.227456][val loss: 2.817012][lr: 0.000139]
	No. questions: 18630
	r@1: 0.21497584541062803
	r@5: 0.5806226516371444
	r@10: 0.7812130971551261
	meanR: 7.060547351837158
	meanRR: 0.3837257921695709
[3:39:05.885589][Epoch:  13][Iter:   8292][Loss: 2.272002][val loss: 2.806492][lr: 0.000136]
	No. questions: 18630
	r@1: 0.20955448201825014
	r@5: 0.5730005367686527
	r@10: 0.7745034889962427
	meanR: 7.2512078285217285
	meanRR: 0.37763965129852295
[3:41:38.970848][Epoch:  13][Iter:   8392][Loss: 2.306614][val loss: 2.819117][lr: 0.000132]
	No. questions: 18630
	r@1: 0.21384863123993558
	r@5: 0.5807300053676865
	r@10: 0.7799248523886205
	meanR: 7.103059768676758
	meanRR: 0.38274917006492615
[3:44:12.232835][Epoch:  13][Iter:   8492][Loss: 2.294058][val loss: 2.797970][lr: 0.000129]
	No. questions: 18630
	r@1: 0.2140096618357488
	r@5: 0.5800858829844338
	r@10: 0.7790660225442834
	meanR: 7.152281284332275
	meanRR: 0.3827548325061798
[3:46:46.820347][Epoch:  13][Iter:   8592][Loss: 2.304993][val loss: 2.804058][lr: 0.000126]
	No. questions: 18630
	r@1: 0.2163177670424047
	r@5: 0.5824476650563607
	r@10: 0.7806226516371444
	meanR: 7.046752452850342
	meanRR: 0.3855023682117462
[3:48:53.852027][Epoch:  14][Iter:   8658][Loss: 2.286692][val loss: 2.785867][lr: 0.000124]
	No. questions: 18630
	r@1: 0.21744498121309716
	r@5: 0.5808910359634998
	r@10: 0.7813741277509394
	meanR: 7.124423027038574
	meanRR: 0.38594841957092285
[3:51:28.966257][Epoch:  14][Iter:   8758][Loss: 2.187292][val loss: 2.809685][lr: 0.000121]
	No. questions: 18630
	r@1: 0.20848094471282877
	r@5: 0.5689747718733226
	r@10: 0.7737520128824477
	meanR: 7.359205722808838
	meanRR: 0.37635600566864014
[3:54:02.786217][Epoch:  14][Iter:   8858][Loss: 2.204366][val loss: 2.843628][lr: 0.000118]
	No. questions: 18630
	r@1: 0.2128287707997853
	r@5: 0.5760064412238325
	r@10: 0.7775093934514224
	meanR: 7.203596115112305
	meanRR: 0.38077881932258606
[3:56:37.485292][Epoch:  14][Iter:   8958][Loss: 2.212358][val loss: 2.814624][lr: 0.000116]
	No. questions: 18630
	r@1: 0.21433172302737521
	r@5: 0.5799785292538916
	r@10: 0.7820719269994633
	meanR: 7.118196487426758
	meanRR: 0.3833191692829132
[3:59:12.067057][Epoch:  14][Iter:   9058][Loss: 2.282534][val loss: 2.794160][lr: 0.000113]
	No. questions: 18630
	r@1: 0.21604938271604937
	r@5: 0.5809447128287708
	r@10: 0.781857219538379
	meanR: 7.064949035644531
	meanRR: 0.38535940647125244
[4:01:47.272948][Epoch:  14][Iter:   9158][Loss: 2.214239][val loss: 2.800103][lr: 0.000110]
	No. questions: 18630
	r@1: 0.21089640365002685
	r@5: 0.5749329039184111
	r@10: 0.7811594202898551
	meanR: 7.135587692260742
	meanRR: 0.3802511990070343
[4:04:21.536955][Epoch:  14][Iter:   9258][Loss: 2.250315][val loss: 2.811236][lr: 0.000108]
	No. questions: 18630
	r@1: 0.21288244766505637
	r@5: 0.5746645195920558
	r@10: 0.7784755770263017
	meanR: 7.175469875335693
	meanRR: 0.382087767124176
[4:06:28.855756][Epoch:  15][Iter:   9324][Loss: 2.295898][val loss: 2.812128][lr: 0.000106]
	No. questions: 18630
	r@1: 0.21202361782071927
	r@5: 0.5821792807300054
	r@10: 0.7796564680622652
	meanR: 7.111003875732422
	meanRR: 0.3820451498031616
[4:09:03.511752][Epoch:  15][Iter:   9424][Loss: 2.142652][val loss: 2.826206][lr: 0.000103]
	No. questions: 18630
	r@1: 0.21304347826086956
	r@5: 0.5799785292538916
	r@10: 0.7827697262479871
	meanR: 7.066344738006592
	meanRR: 0.38290876150131226
[4:11:37.037378][Epoch:  15][Iter:   9524][Loss: 2.103633][val loss: 2.836227][lr: 0.000101]
	No. questions: 18630
	r@1: 0.21041331186258722
	r@5: 0.5728931830381105
	r@10: 0.7745034889962427
	meanR: 7.29608154296875
	meanRR: 0.3791448175907135
[4:14:10.775332][Epoch:  15][Iter:   9624][Loss: 2.196010][val loss: 2.835403][lr: 0.000098]
	No. questions: 18630
	r@1: 0.21041331186258722
	r@5: 0.5789586688137413
	r@10: 0.780354267310789
	meanR: 7.144229888916016
	meanRR: 0.37979090213775635
[4:16:44.700953][Epoch:  15][Iter:   9724][Loss: 2.172332][val loss: 2.816647][lr: 0.000096]
	No. questions: 18630
	r@1: 0.21572732152442298
	r@5: 0.5829844337090714
	r@10: 0.7805689747718734
	meanR: 7.122490406036377
	meanRR: 0.3845280706882477
[4:19:18.525484][Epoch:  15][Iter:   9824][Loss: 2.211296][val loss: 2.809577][lr: 0.000094]
	No. questions: 18630
	r@1: 0.21379495437466453
	r@5: 0.5828770799785292
	r@10: 0.7812130971551261
	meanR: 7.096027851104736
	meanRR: 0.3838203251361847
[4:21:53.223147][Epoch:  15][Iter:   9924][Loss: 2.197902][val loss: 2.805782][lr: 0.000092]
	No. questions: 18630
	r@1: 0.21578099838969403
	r@5: 0.5813741277509393
	r@10: 0.7798174986580784
	meanR: 7.090552806854248
	meanRR: 0.3853093981742859
[4:24:00.198342][Epoch:  16][Iter:   9990][Loss: 2.214585][val loss: 2.793167][lr: 0.000090]
	No. questions: 18630
	r@1: 0.21358024691358024
	r@5: 0.5794954374664519
	r@10: 0.7790660225442834
	meanR: 7.218679428100586
	meanRR: 0.38330450654029846
[4:26:33.780024][Epoch:  16][Iter:  10090][Loss: 2.124885][val loss: 2.838071][lr: 0.000088]
	No. questions: 18630
	r@1: 0.2116478797638218
	r@5: 0.5812667740203972
	r@10: 0.7837359098228663
	meanR: 7.049919605255127
	meanRR: 0.3828369081020355
[4:29:08.733168][Epoch:  16][Iter:  10190][Loss: 2.131400][val loss: 2.821291][lr: 0.000086]
	No. questions: 18630
	r@1: 0.21476113794954374
	r@5: 0.5829307568438004
	r@10: 0.782608695652174
	meanR: 7.076113700866699
	meanRR: 0.3846755921840668
[4:31:43.479250][Epoch:  16][Iter:  10290][Loss: 2.119273][val loss: 2.817248][lr: 0.000084]
	No. questions: 18630
	r@1: 0.21604938271604937
	r@5: 0.5756843800322061
	r@10: 0.7770263016639828
	meanR: 7.214761257171631
	meanRR: 0.3833248019218445
[4:34:18.220306][Epoch:  16][Iter:  10390][Loss: 2.143691][val loss: 2.827272][lr: 0.000082]
	No. questions: 18630
	r@1: 0.2175523349436393
	r@5: 0.5812667740203972
	r@10: 0.780354267310789
	meanR: 7.111218452453613
	meanRR: 0.38550636172294617
[4:36:52.937474][Epoch:  16][Iter:  10490][Loss: 2.201747][val loss: 2.810020][lr: 0.000080]
	No. questions: 18630
	r@1: 0.21626409017713366
	r@5: 0.5818035426731079
	r@10: 0.7806226516371444
	meanR: 7.137627601623535
	meanRR: 0.38607439398765564
[4:39:26.693612][Epoch:  16][Iter:  10590][Loss: 2.192798][val loss: 2.810936][lr: 0.000078]
	No. questions: 18630
	r@1: 0.21374127750939345
	r@5: 0.5839506172839506
	r@10: 0.7849704777241009
	meanR: 7.034460544586182
	meanRR: 0.3846924901008606
[4:41:33.750358][Epoch:  17][Iter:  10656][Loss: 2.114167][val loss: 2.810792][lr: 0.000077]
	No. questions: 18630
	r@1: 0.21524422973698337
	r@5: 0.5836285560923242
	r@10: 0.781105743424584
	meanR: 7.106924533843994
	meanRR: 0.3847201466560364
[4:44:07.734871][Epoch:  17][Iter:  10756][Loss: 2.057452][val loss: 2.819366][lr: 0.000075]
	No. questions: 18630
	r@1: 0.21658615136876005
	r@5: 0.5808910359634998
	r@10: 0.7808373590982287
	meanR: 7.140740871429443
	meanRR: 0.3842700719833374
[4:46:43.158386][Epoch:  17][Iter:  10856][Loss: 2.117766][val loss: 2.830806][lr: 0.000073]
	No. questions: 18630
	r@1: 0.2106280193236715
	r@5: 0.5798174986580784
	r@10: 0.7820182501341921
	meanR: 7.103381633758545
	meanRR: 0.38137611746788025
[4:49:17.588198][Epoch:  17][Iter:  10956][Loss: 2.091669][val loss: 2.839116][lr: 0.000071]
	No. questions: 18630
	r@1: 0.2122920021470746
	r@5: 0.5812667740203972
	r@10: 0.7814814814814814
	meanR: 7.104240417480469
	meanRR: 0.3820582628250122
[4:51:51.706478][Epoch:  17][Iter:  11056][Loss: 2.108756][val loss: 2.828162][lr: 0.000070]
	No. questions: 18630
	r@1: 0.21250670960815887
	r@5: 0.5772946859903382
	r@10: 0.7773483628556093
	meanR: 7.291733741760254
	meanRR: 0.381668359041214
[4:54:25.926108][Epoch:  17][Iter:  11156][Loss: 2.112582][val loss: 2.845684][lr: 0.000068]
	No. questions: 18630
	r@1: 0.21422436929683306
	r@5: 0.5776704240472357
	r@10: 0.7804616210413312
	meanR: 7.147503852844238
	meanRR: 0.3828742504119873
[4:57:00.386536][Epoch:  17][Iter:  11256][Loss: 2.122377][val loss: 2.832750][lr: 0.000066]
	No. questions: 18630
	r@1: 0.21578099838969403
	r@5: 0.5837359098228664
	r@10: 0.7814814814814814
	meanR: 7.073161602020264
	meanRR: 0.3846259117126465
[4:59:06.109227][Epoch:  18][Iter:  11322][Loss: 2.109404][val loss: 2.811644][lr: 0.000065]
	No. questions: 18630
	r@1: 0.21545893719806763
	r@5: 0.5815351583467525
	r@10: 0.780354267310789
	meanR: 7.13161563873291
	meanRR: 0.38389381766319275
[5:01:39.886319][Epoch:  18][Iter:  11422][Loss: 2.053601][val loss: 2.842058][lr: 0.000064]
	No. questions: 18630
	r@1: 0.21454643048845948
	r@5: 0.5846484165324745
	r@10: 0.7819645732689211
	meanR: 7.092055797576904
	meanRR: 0.38423770666122437
[5:04:13.372252][Epoch:  18][Iter:  11522][Loss: 2.064647][val loss: 2.847724][lr: 0.000062]
	No. questions: 18630
	r@1: 0.21250670960815887
	r@5: 0.5815888352120236
	r@10: 0.7808373590982287
	meanR: 7.1977458000183105
	meanRR: 0.3824622631072998
[5:06:46.729741][Epoch:  18][Iter:  11622][Loss: 2.085863][val loss: 2.838779][lr: 0.000061]
	No. questions: 18630
	r@1: 0.2107890499194847
	r@5: 0.5739667203435319
	r@10: 0.7775630703166935
	meanR: 7.231186389923096
	meanRR: 0.3799751102924347
[5:09:20.045484][Epoch:  18][Iter:  11722][Loss: 2.067014][val loss: 2.852252][lr: 0.000059]
	No. questions: 18630
	r@1: 0.21159420289855072
	r@5: 0.5801395598497048
	r@10: 0.78341384863124
	meanR: 7.113741397857666
	meanRR: 0.38250434398651123
[5:11:54.223415][Epoch:  18][Iter:  11822][Loss: 2.091001][val loss: 2.849116][lr: 0.000058]
	No. questions: 18630
	r@1: 0.21341921631776703
	r@5: 0.5807300053676865
	r@10: 0.7802469135802469
	meanR: 7.145249366760254
	meanRR: 0.3835844397544861
[5:14:28.590784][Epoch:  18][Iter:  11922][Loss: 2.083570][val loss: 2.830986][lr: 0.000057]
	No. questions: 18630
	r@1: 0.21084272678475577
	r@5: 0.5780998389694042
	r@10: 0.7805152979066022
	meanR: 7.1813740730285645
	meanRR: 0.3810462951660156
[5:16:34.388856][Epoch:  19][Iter:  11988][Loss: 2.108362][val loss: 2.839555][lr: 0.000056]
	No. questions: 18630
	r@1: 0.21717659688674182
	r@5: 0.58191089640365
	r@10: 0.7833064949006978
	meanR: 7.16967248916626
	meanRR: 0.38505423069000244
[5:19:07.791971][Epoch:  19][Iter:  12088][Loss: 1.997554][val loss: 2.846480][lr: 0.000054]
	No. questions: 18630
	r@1: 0.21325818572195385
	r@5: 0.5795491143317231
	r@10: 0.7766505636070854
	meanR: 7.265539646148682
	meanRR: 0.3817092478275299
[5:21:42.847347][Epoch:  19][Iter:  12188][Loss: 2.008731][val loss: 2.871373][lr: 0.000053]
	No. questions: 18630
	r@1: 0.21712292002147074
	r@5: 0.5787976382179281
	r@10: 0.7794417606011809
	meanR: 7.174664497375488
	meanRR: 0.38469335436820984
[5:24:17.720102][Epoch:  19][Iter:  12288][Loss: 2.039530][val loss: 2.857810][lr: 0.000052]
	No. questions: 18630
	r@1: 0.21545893719806763
	r@5: 0.581052066559313
	r@10: 0.782608695652174
	meanR: 7.142082691192627
	meanRR: 0.38446369767189026
[5:26:52.212078][Epoch:  19][Iter:  12388][Loss: 2.070352][val loss: 2.844846][lr: 0.000051]
	No. questions: 18630
	r@1: 0.2116478797638218
	r@5: 0.5812130971551261
	r@10: 0.7813741277509394
	meanR: 7.1163716316223145
	meanRR: 0.38184431195259094
[5:29:26.479905][Epoch:  19][Iter:  12488][Loss: 2.024932][val loss: 2.843625][lr: 0.000050]
	No. questions: 18630
	r@1: 0.2168545356951154
	r@5: 0.5747718733225979
	r@10: 0.7801932367149759
	meanR: 7.2296295166015625
	meanRR: 0.3833954632282257
[5:32:00.818237][Epoch:  19][Iter:  12588][Loss: 2.099087][val loss: 2.844089][lr: 0.000050]
	No. questions: 18630
	r@1: 0.21578099838969403
	r@5: 0.5801932367149758
	r@10: 0.7812667740203972
	meanR: 7.153998851776123
	meanRR: 0.3845885396003723
[5:34:07.695870][Epoch:  20][Iter:  12654][Loss: 2.073809][val loss: 2.837198][lr: 0.000050]
	No. questions: 18630
	r@1: 0.21551261406333871
	r@5: 0.5783682232957595
	r@10: 0.7813741277509394
	meanR: 7.13870096206665
	meanRR: 0.38414445519447327
[5:36:42.669750][Epoch:  20][Iter:  12754][Loss: 2.003170][val loss: 2.862092][lr: 0.000050]
	No. questions: 18630
	r@1: 0.2121309715512614
	r@5: 0.5780998389694042
	r@10: 0.7829307568438003
	meanR: 7.151851654052734
	meanRR: 0.3821658492088318
[5:39:17.666671][Epoch:  20][Iter:  12854][Loss: 1.984136][val loss: 2.870723][lr: 0.000050]
	No. questions: 18630
	r@1: 0.2170692431561997
	r@5: 0.5798174986580784
	r@10: 0.7838969404186795
	meanR: 7.1282877922058105
	meanRR: 0.3856302499771118
[5:41:51.306674][Epoch:  20][Iter:  12954][Loss: 1.982496][val loss: 2.861916][lr: 0.000050]
	No. questions: 18630
	r@1: 0.21368760064412237
	r@5: 0.5803542673107891
	r@10: 0.7815888352120236
	meanR: 7.168384552001953
	meanRR: 0.38329583406448364
[5:44:24.877722][Epoch:  20][Iter:  13054][Loss: 2.057630][val loss: 2.841110][lr: 0.000050]
	No. questions: 18630
	r@1: 0.21739130434782608
	r@5: 0.5773483628556092
	r@10: 0.7804616210413312
	meanR: 7.143800258636475
	meanRR: 0.3849654793739319
[5:46:58.565163][Epoch:  20][Iter:  13154][Loss: 2.035569][val loss: 2.863024][lr: 0.000050]
	No. questions: 18630
	r@1: 0.21175523349436393
	r@5: 0.5772946859903382
	r@10: 0.780354267310789
	meanR: 7.162909507751465
	meanRR: 0.38103997707366943
[5:49:32.288594][Epoch:  20][Iter:  13254][Loss: 2.058182][val loss: 2.855994][lr: 0.000050]
wandb: Waiting for W&B process to finish, PID 3119833
wandb: Program ended successfully.
wandb: - 0.00MB of 0.00MB uploaded (0.00MB deduped)wandb: \ 0.04MB of 0.04MB uploaded (0.00MB deduped)wandb:                                                                                
wandb: Find user logs for this run at: wandb/run-20201007_162621-f9z580rs/logs/debug.log
wandb: Find internal logs for this run at: wandb/run-20201007_162621-f9z580rs/logs/debug-internal.log
wandb: Run summary:
wandb:   Train Loss 2.0581816276710807
wandb:     Val Loss 2.855994021281218
wandb:          r@1 0.21175523349436393
wandb:          r@5 0.5772946859903382
wandb:         r@10 0.780354267310789
wandb:        meanR 7.162909507751465
wandb:       meanRR 0.38103997707366943
wandb:        Epoch 20
wandb:        _step 139
wandb:     _runtime 21001
wandb:   _timestamp 1602105382
wandb: Run history:
wandb:   Train Loss █▆▅▄▄▄▄▄▃▃▃▃▃▃▃▃▂▂▃▂▂▂▂▂▂▂▂▂▁▂▁▁▁▁▁▁▁▁▁▁
wandb:     Val Loss █▆▄▃▃▃▂▂▂▂▁▂▁▁▁▁▁▁▁▁▁▁▁▁▁▁▁▁▁▁▁▁▁▁▁▁▁▁▁▁
wandb:          r@1 ▁▂▄▅▅▅▆▆▆▇▇▇▇▇▇▇▇▇██████████████████████
wandb:          r@5 ▁▃▅▆▆▆▇▇▇▇▇▇▇██▇████████████████████████
wandb:         r@10 ▁▃▅▆▇▇▇▇▇▇█▇████████████████████████████
wandb:        meanR █▅▃▂▂▂▂▁▂▁▁▁▁▁▁▁▁▁▁▁▁▁▁▁▁▁▁▁▁▁▁▁▁▁▁▁▁▁▁▁
wandb:       meanRR ▁▃▄▅▆▆▆▇▇▇▇▇▇▇█▇█▇██████████████████████
wandb:        Epoch ▁▁▁▁▂▂▂▂▂▂▃▃▃▃▄▄▄▄▄▄▅▅▅▅▅▅▆▆▆▆▇▇▇▇▇▇████
wandb:        _step ▁▁▁▂▂▂▂▂▂▃▃▃▃▃▃▄▄▄▄▄▅▅▅▅▅▅▆▆▆▆▆▆▇▇▇▇▇███
wandb:     _runtime ▁▁▁▂▂▂▂▂▂▃▃▃▃▃▃▄▄▄▄▄▅▅▅▅▅▅▆▆▆▆▆▆▇▇▇▇▇███
wandb:   _timestamp ▁▁▁▂▂▂▂▂▂▃▃▃▃▃▃▄▄▄▄▄▅▅▅▅▅▅▆▆▆▆▆▆▇▇▇▇▇███
wandb: Synced 5 W&B file(s), 0 media file(s), 0 artifact file(s) and 0 other file(s)
wandb: 
wandb: Synced dva_MRC-conclt500_train: https://app.wandb.ai/visual-modelling/a_vs_c/runs/f9z580rs

