wandb: Currently logged in as: visual-modelling (use `wandb login --relogin` to force relogin)
wandb: wandb version 0.10.4 is available!  To upgrade, please run:
wandb:  $ pip install wandb --upgrade
wandb: Tracking run with wandb version 0.10.0
wandb: Run data is saved locally in wandb/run-20201007_135835-13068nly
wandb: Syncing run dva_MRC-conclt300_train
wandb: ⭐️ View project at https://app.wandb.ai/visual-modelling/a_vs_c
wandb: 🚀 View run at https://app.wandb.ai/visual-modelling/a_vs_c/runs/13068nly
wandb: Run `wandb off` to turn off syncing.
input_img           : ../data/AVSD/features/data_img.h5
input_vid           : ../data/AVSD/features/data_video.h5
input_audio         : ../data/AVSD/features/data_audio.h5
input_ques          : ../data/AVSD/features/dialogs.h5
input_json          : ../data/AVSD/features/params.json
img_norm            : 1
img_feature_size    : 4096
vid_feature_size    : 4096
audio_feature_size  : 4096
embed_size          : 300
rnn_hidden_size     : 512
num_layers          : 2
max_history_len     : 60
dropout             : 0.5
input_type          : question_video_audio
encoder             : lf-ques-im-hist
concat_history      : True
decoder             : disc
jobname             : dva_MRC-conclt300_train
num_epochs          : 20
batch_size          : 12
lr                  : 0.001
lr_decay_rate       : 0.9997592083
min_lr              : 5e-05
weight_init         : xavier
weight_decay        : 0.00075
overfit             : False
gpuid               : 0
load_path           : /home/jumperkables/kable_management/projects/a_vs_c/avsd
save_path           : /home/jumperkables/kable_management/projects/a_vs_c/avsd/.results/dva_MRC-conclt300
save_step           : 2
log                 : True
mrc_norms_conditions: ['conc-lt-300']
load_flag           : False
Dataloader loading json file: /home/jumperkables/kable_management/data/AVSD/features/params.json
Vocab size with <START>, <END>: 4563
Dataloader loading h5 file: /home/jumperkables/kable_management/data/AVSD/features/dialogs.h5
Dataloader loading h5 file: /home/jumperkables/kable_management/data/AVSD/features/data_video.h5
Dataloader loading h5 file: /home/jumperkables/kable_management/data/AVSD/features/data_audio.h5

Processing split [train]...
Reading video features...
Reading audio features...
[train] no. of threads: 7985
	Max no. of rounds: 10
	Max ques len: 20
	Max ans len: 20
Dataloader loading json file: /home/jumperkables/kable_management/data/AVSD/features/params.json
Vocab size with <START>, <END>: 4563
Dataloader loading h5 file: /home/jumperkables/kable_management/data/AVSD/features/dialogs.h5
Dataloader loading h5 file: /home/jumperkables/kable_management/data/AVSD/features/data_video.h5
Dataloader loading h5 file: /home/jumperkables/kable_management/data/AVSD/features/data_audio.h5

Processing split [val]...
Reading video features...
Reading audio features...
[val] no. of threads: 1863
	Max no. of rounds: 10
	Max ques len: 20
	Max ans len: 20
666 iter per epoch.
Encoder: lf-ques-im-hist
Decoder: disc
Training start time: 07-Oct-2020-12:59:05
	No. questions: 18630
	r@1: 0.015942028985507246
	r@5: 0.07112184648416532
	r@10: 0.1485775630703167
	meanR: 37.207244873046875
	meanRR: 0.07089555263519287
[0:01:20.247537][Epoch:   1][Iter:      0][Loss: 4.824486][val loss: 7.352953][lr: 0.001000]
	No. questions: 18630
	r@1: 0.026194310252281267
	r@5: 0.1264626945786366
	r@10: 0.24610842726784757
	meanR: 24.752281188964844
	meanRR: 0.1045793816447258
[0:04:30.151343][Epoch:   1][Iter:    100][Loss: 4.446416][val loss: 4.276696][lr: 0.000976]
	No. questions: 18630
	r@1: 0.04471282877079979
	r@5: 0.2107890499194847
	r@10: 0.36838432635534085
	meanR: 19.90096664428711
	meanRR: 0.148066446185112
[0:07:40.378173][Epoch:   1][Iter:    200][Loss: 4.108920][val loss: 3.963168][lr: 0.000953]
	No. questions: 18630
	r@1: 0.05018786902844874
	r@5: 0.23510466988727857
	r@10: 0.42071926999463233
	meanR: 16.207944869995117
	meanRR: 0.16314975917339325
[0:10:50.988677][Epoch:   1][Iter:    300][Loss: 3.844545][val loss: 3.786891][lr: 0.000930]
	No. questions: 18630
	r@1: 0.0607085346215781
	r@5: 0.2679012345679012
	r@10: 0.46870638754696725
	meanR: 14.852710723876953
	meanRR: 0.1820259839296341
[0:14:01.459973][Epoch:   1][Iter:    400][Loss: 3.671654][val loss: 3.678502][lr: 0.000908]
	No. questions: 18630
	r@1: 0.07332259796027912
	r@5: 0.3059044551798175
	r@10: 0.5181964573268921
	meanR: 13.611647605895996
	meanRR: 0.2033880054950714
[0:17:12.095538][Epoch:   1][Iter:    500][Loss: 3.537309][val loss: 3.567928][lr: 0.000886]
	No. questions: 18630
	r@1: 0.08942565754159958
	r@5: 0.34761137949543747
	r@10: 0.5604401502952228
	meanR: 12.468223571777344
	meanRR: 0.22717159986495972
[0:20:23.708560][Epoch:   1][Iter:    600][Loss: 3.449726][val loss: 3.457344][lr: 0.000865]
	No. questions: 18630
	r@1: 0.09796027911969941
	r@5: 0.3629092860976919
	r@10: 0.5749329039184111
	meanR: 12.021524429321289
	meanRR: 0.23860310018062592
[0:22:56.683759][Epoch:   2][Iter:    666][Loss: 3.390185][val loss: 3.398660][lr: 0.000852]
	No. questions: 18630
	r@1: 0.10579710144927536
	r@5: 0.37541599570585077
	r@10: 0.5838432635534084
	meanR: 11.961889266967773
	meanRR: 0.24674421548843384
[0:26:07.945074][Epoch:   2][Iter:    766][Loss: 3.254634][val loss: 3.392515][lr: 0.000831]
	No. questions: 18630
	r@1: 0.10821256038647344
	r@5: 0.37815351583467527
	r@10: 0.5898550724637681
	meanR: 11.639452934265137
	meanRR: 0.2489962875843048
[0:29:18.519593][Epoch:   2][Iter:    866][Loss: 3.230392][val loss: 3.379821][lr: 0.000812]
	No. questions: 18630
	r@1: 0.118894256575416
	r@5: 0.4129361245303274
	r@10: 0.6333333333333333
	meanR: 10.51959228515625
	meanRR: 0.26832151412963867
[0:32:30.767112][Epoch:   2][Iter:    966][Loss: 3.252040][val loss: 3.256030][lr: 0.000792]
	No. questions: 18630
	r@1: 0.12361782071927
	r@5: 0.4184111647879764
	r@10: 0.6256038647342995
	meanR: 10.775630950927734
	meanRR: 0.2718166410923004
[0:35:41.795496][Epoch:   2][Iter:   1066][Loss: 3.174462][val loss: 3.283523][lr: 0.000773]
	No. questions: 18630
	r@1: 0.12490606548577562
	r@5: 0.4243156199677939
	r@10: 0.644122383252818
	meanR: 10.194095611572266
	meanRR: 0.27512192726135254
[0:38:52.502404][Epoch:   2][Iter:   1166][Loss: 3.153180][val loss: 3.225420][lr: 0.000755]
	No. questions: 18630
	r@1: 0.12420826623725174
	r@5: 0.42522812667740206
	r@10: 0.6502415458937199
	meanR: 10.047933578491211
	meanRR: 0.27639076113700867
[0:42:03.512117][Epoch:   2][Iter:   1266][Loss: 3.154519][val loss: 3.211826][lr: 0.000737]
	No. questions: 18630
	r@1: 0.13462157809983896
	r@5: 0.44841653247450347
	r@10: 0.6643585614600107
	meanR: 9.775308609008789
	meanRR: 0.2898152470588684
[0:44:36.083162][Epoch:   3][Iter:   1332][Loss: 3.147960][val loss: 3.160659][lr: 0.000725]
	No. questions: 18630
	r@1: 0.13988191089640364
	r@5: 0.4559849704777241
	r@10: 0.6682232957595277
	meanR: 9.794686317443848
	meanRR: 0.2948489487171173
[0:47:47.437273][Epoch:   3][Iter:   1432][Loss: 3.019569][val loss: 3.164672][lr: 0.000708]
	No. questions: 18630
	r@1: 0.14288781535158346
	r@5: 0.4568438003220612
	r@10: 0.6773483628556093
	meanR: 9.468330383300781
	meanRR: 0.2985234260559082
[0:50:59.428493][Epoch:   3][Iter:   1532][Loss: 3.045217][val loss: 3.124826][lr: 0.000691]
	No. questions: 18630
	r@1: 0.1426731078904992
	r@5: 0.4575952764358561
	r@10: 0.6682769726247987
	meanR: 9.621094703674316
	meanRR: 0.29858922958374023
[0:54:11.875918][Epoch:   3][Iter:   1632][Loss: 3.036921][val loss: 3.143550][lr: 0.000675]
	No. questions: 18630
	r@1: 0.15099302200751477
	r@5: 0.4764895330112721
	r@10: 0.6925389157273215
	meanR: 9.111594200134277
	meanRR: 0.30935344099998474
[0:57:23.680190][Epoch:   3][Iter:   1732][Loss: 2.980699][val loss: 3.072787][lr: 0.000659]
	No. questions: 18630
	r@1: 0.15421363392377885
	r@5: 0.4868491680085883
	r@10: 0.6932903918411165
	meanR: 9.027804374694824
	meanRR: 0.31342431902885437
[1:00:34.587210][Epoch:   3][Iter:   1832][Loss: 2.984780][val loss: 3.062489][lr: 0.000643]
	No. questions: 18630
	r@1: 0.15555555555555556
	r@5: 0.48153515834675253
	r@10: 0.6972088030059045
	meanR: 9.023832321166992
	meanRR: 0.31476911902427673
[1:03:45.495649][Epoch:   3][Iter:   1932][Loss: 2.981595][val loss: 3.059937][lr: 0.000628]
	No. questions: 18630
	r@1: 0.15636070853462158
	r@5: 0.48593666129898017
	r@10: 0.6961352657004831
	meanR: 8.854857444763184
	meanRR: 0.3166518807411194
[1:06:18.135690][Epoch:   4][Iter:   1998][Loss: 2.945777][val loss: 3.045773][lr: 0.000618]
	No. questions: 18630
	r@1: 0.15469672571121845
	r@5: 0.4888352120236178
	r@10: 0.7054213633923779
	meanR: 8.767364501953125
	meanRR: 0.3166373670101166
[1:09:29.103448][Epoch:   4][Iter:   2098][Loss: 2.817781][val loss: 3.049793][lr: 0.000603]
	No. questions: 18630
	r@1: 0.1571658615136876
	r@5: 0.48829844337090716
	r@10: 0.707139023081052
	meanR: 8.716156959533691
	meanRR: 0.31795427203178406
[1:12:41.223942][Epoch:   4][Iter:   2198][Loss: 2.874401][val loss: 3.029290][lr: 0.000589]
	No. questions: 18630
	r@1: 0.16430488459473966
	r@5: 0.503113258185722
	r@10: 0.719645732689211
	meanR: 8.371819496154785
	meanRR: 0.327204167842865
[1:15:52.301299][Epoch:   4][Iter:   2298][Loss: 2.875608][val loss: 2.976109][lr: 0.000575]
	No. questions: 18630
	r@1: 0.1652710681696189
	r@5: 0.5083199141170156
	r@10: 0.7195920558239399
	meanR: 8.393558502197266
	meanRR: 0.32911190390586853
[1:19:04.496086][Epoch:   4][Iter:   2398][Loss: 2.887469][val loss: 2.988576][lr: 0.000561]
	No. questions: 18630
	r@1: 0.17042404723564145
	r@5: 0.5127214170692431
	r@10: 0.7237251744498121
	meanR: 8.270370483398438
	meanRR: 0.33360329270362854
[1:22:17.049205][Epoch:   4][Iter:   2498][Loss: 2.872552][val loss: 2.968533][lr: 0.000548]
	No. questions: 18630
	r@1: 0.1706924315619968
	r@5: 0.5200214707461084
	r@10: 0.7279656468062266
	meanR: 8.232903480529785
	meanRR: 0.3360368311405182
[1:25:29.812413][Epoch:   4][Iter:   2598][Loss: 2.836070][val loss: 2.954360][lr: 0.000535]
	No. questions: 18630
	r@1: 0.16790123456790124
	r@5: 0.5087493290391841
	r@10: 0.7245303274288781
	meanR: 8.244820594787598
	meanRR: 0.3306872546672821
[1:28:03.757073][Epoch:   5][Iter:   2664][Loss: 2.843423][val loss: 2.969213][lr: 0.000526]
	No. questions: 18630
	r@1: 0.171658615136876
	r@5: 0.5123456790123457
	r@10: 0.7201825013419216
	meanR: 8.412023544311523
	meanRR: 0.3343355655670166
[1:31:15.900396][Epoch:   5][Iter:   2764][Loss: 2.747264][val loss: 2.990285][lr: 0.000514]
	No. questions: 18630
	r@1: 0.17337627482555018
	r@5: 0.5125603864734299
	r@10: 0.7264090177133655
	meanR: 8.408159255981445
	meanRR: 0.3357349932193756
[1:34:28.571602][Epoch:   5][Iter:   2864][Loss: 2.725663][val loss: 2.989184][lr: 0.000502]
	No. questions: 18630
	r@1: 0.1838432635534085
	r@5: 0.5306494900697799
	r@10: 0.7381642512077294
	meanR: 8.07729434967041
	meanRR: 0.3481946587562561
[1:37:39.808499][Epoch:   5][Iter:   2964][Loss: 2.796698][val loss: 2.929771][lr: 0.000490]
	No. questions: 18630
	r@1: 0.17198067632850242
	r@5: 0.5213633923778851
	r@10: 0.7309715512614063
	meanR: 8.24551773071289
	meanRR: 0.3371450901031494
[1:40:51.261244][Epoch:   5][Iter:   3064][Loss: 2.791569][val loss: 2.966830][lr: 0.000478]
	No. questions: 18630
	r@1: 0.1767579173376275
	r@5: 0.5300590445517982
	r@10: 0.7412238325281804
	meanR: 7.889371871948242
	meanRR: 0.3443142771720886
[1:44:04.128478][Epoch:   5][Iter:   3164][Loss: 2.722651][val loss: 2.916800][lr: 0.000467]
	No. questions: 18630
	r@1: 0.18271604938271604
	r@5: 0.5336553945249597
	r@10: 0.744820182501342
	meanR: 7.913419246673584
	meanRR: 0.3480656147003174
[1:47:16.432502][Epoch:   5][Iter:   3264][Loss: 2.794787][val loss: 2.902756][lr: 0.000456]
	No. questions: 18630
	r@1: 0.18840579710144928
	r@5: 0.544068706387547
	r@10: 0.7467525496511004
	meanR: 7.806924343109131
	meanRR: 0.3551444709300995
[1:49:49.666141][Epoch:   6][Iter:   3330][Loss: 2.735721][val loss: 2.885562][lr: 0.000448]
	No. questions: 18630
	r@1: 0.18878153515834675
	r@5: 0.5394524959742351
	r@10: 0.7458937198067633
	meanR: 7.809661865234375
	meanRR: 0.3531552255153656
[1:53:02.082178][Epoch:   6][Iter:   3430][Loss: 2.638546][val loss: 2.888396][lr: 0.000438]
	No. questions: 18630
	r@1: 0.18760064412238325
	r@5: 0.5396135265700484
	r@10: 0.7431025228126678
	meanR: 7.990660190582275
	meanRR: 0.3531498610973358
[1:56:14.415192][Epoch:   6][Iter:   3530][Loss: 2.670138][val loss: 2.917275][lr: 0.000427]
	No. questions: 18630
	r@1: 0.17289318303811058
	r@5: 0.5133118625872249
	r@10: 0.7339237788513151
	meanR: 8.252013206481934
	meanRR: 0.33560848236083984
[1:59:25.867590][Epoch:   6][Iter:   3630][Loss: 2.683720][val loss: 2.962924][lr: 0.000417]
	No. questions: 18630
	r@1: 0.18523886205045625
	r@5: 0.5328502415458937
	r@10: 0.7463768115942029
	meanR: 7.910896301269531
	meanRR: 0.3503594994544983
[2:02:37.398945][Epoch:   6][Iter:   3730][Loss: 2.690298][val loss: 2.911162][lr: 0.000407]
	No. questions: 18630
	r@1: 0.18443370907139023
	r@5: 0.5360171765968867
	r@10: 0.7442834138486313
	meanR: 7.78615140914917
	meanRR: 0.35032930970191956
[2:05:48.973313][Epoch:   6][Iter:   3830][Loss: 2.680512][val loss: 2.892860][lr: 0.000397]
	No. questions: 18630
	r@1: 0.1932903918411165
	r@5: 0.5506709608158884
	r@10: 0.7594202898550725
	meanR: 7.5524420738220215
	meanRR: 0.3598596453666687
[2:09:00.521720][Epoch:   6][Iter:   3930][Loss: 2.668306][val loss: 2.851769][lr: 0.000388]
	No. questions: 18630
	r@1: 0.19146537842190017
	r@5: 0.5473966720343532
	r@10: 0.7533011272141706
	meanR: 7.65169095993042
	meanRR: 0.35847559571266174
[2:11:33.467785][Epoch:   7][Iter:   3996][Loss: 2.707917][val loss: 2.860685][lr: 0.000382]
	No. questions: 18630
	r@1: 0.18985507246376812
	r@5: 0.5456790123456791
	r@10: 0.7534621578099839
	meanR: 7.628126621246338
	meanRR: 0.3566858470439911
[2:14:45.618900][Epoch:   7][Iter:   4096][Loss: 2.542404][val loss: 2.877001][lr: 0.000373]
	No. questions: 18630
	r@1: 0.19243156199677938
	r@5: 0.5469135802469136
	r@10: 0.7510466988727859
	meanR: 7.738754749298096
	meanRR: 0.35942786931991577
[2:17:58.642515][Epoch:   7][Iter:   4196][Loss: 2.561802][val loss: 2.885465][lr: 0.000364]
	No. questions: 18630
	r@1: 0.1937734836285561
	r@5: 0.5515834675254965
	r@10: 0.7585077831454643
	meanR: 7.546376705169678
	meanRR: 0.36163198947906494
[2:21:11.067650][Epoch:   7][Iter:   4296][Loss: 2.618764][val loss: 2.847431][lr: 0.000355]
	No. questions: 18630
	r@1: 0.19388083735909822
	r@5: 0.5462694578636608
	r@10: 0.7536768652710681
	meanR: 7.656360626220703
	meanRR: 0.3599967956542969
[2:24:22.966941][Epoch:   7][Iter:   4396][Loss: 2.598678][val loss: 2.867050][lr: 0.000347]
	No. questions: 18630
	r@1: 0.1974771873322598
	r@5: 0.557434245840043
	r@10: 0.7638217928073
	meanR: 7.4909820556640625
	meanRR: 0.36589351296424866
[2:27:35.196517][Epoch:   7][Iter:   4496][Loss: 2.653722][val loss: 2.827322][lr: 0.000339]
	No. questions: 18630
	r@1: 0.1979602791196994
	r@5: 0.5620504562533548
	r@10: 0.7657004830917874
	meanR: 7.376006603240967
	meanRR: 0.36700356006622314
[2:30:47.140641][Epoch:   7][Iter:   4596][Loss: 2.639751][val loss: 2.823151][lr: 0.000331]
	No. questions: 18630
	r@1: 0.1993558776167472
	r@5: 0.5578636607622115
	r@10: 0.7617820719269994
	meanR: 7.4431562423706055
	meanRR: 0.36664554476737976
[2:33:19.917391][Epoch:   8][Iter:   4662][Loss: 2.655665][val loss: 2.825465][lr: 0.000325]
	No. questions: 18630
	r@1: 0.2003220611916264
	r@5: 0.5548040794417606
	r@10: 0.7627482555018786
	meanR: 7.5049920082092285
	meanRR: 0.36770570278167725
[2:36:31.335320][Epoch:   8][Iter:   4762][Loss: 2.474173][val loss: 2.852809][lr: 0.000318]
	No. questions: 18630
	r@1: 0.1977992485238862
	r@5: 0.5551798174986581
	r@10: 0.7608695652173914
	meanR: 7.562587261199951
	meanRR: 0.3649301528930664
[2:39:42.802868][Epoch:   8][Iter:   4862][Loss: 2.497769][val loss: 2.857681][lr: 0.000310]
	No. questions: 18630
	r@1: 0.19640365002683843
	r@5: 0.5557702630166398
	r@10: 0.7638217928073
	meanR: 7.436875820159912
	meanRR: 0.3643959164619446
[2:42:54.507839][Epoch:   8][Iter:   4962][Loss: 2.559830][val loss: 2.843734][lr: 0.000303]
	No. questions: 18630
	r@1: 0.20064412238325283
	r@5: 0.5568438003220612
	r@10: 0.7600107353730542
	meanR: 7.571765899658203
	meanRR: 0.3682139217853546
[2:46:07.140873][Epoch:   8][Iter:   5062][Loss: 2.561693][val loss: 2.839908][lr: 0.000295]
	No. questions: 18630
	r@1: 0.19903381642512077
	r@5: 0.5585614600107354
	r@10: 0.7591519055287171
	meanR: 7.541491985321045
	meanRR: 0.36694034934043884
[2:49:19.976092][Epoch:   8][Iter:   5162][Loss: 2.535101][val loss: 2.845178][lr: 0.000288]
	No. questions: 18630
	r@1: 0.2038647342995169
	r@5: 0.5665056360708535
	r@10: 0.7680622651637145
	meanR: 7.288298606872559
	meanRR: 0.37227365374565125
[2:52:31.006150][Epoch:   8][Iter:   5262][Loss: 2.580275][val loss: 2.812070][lr: 0.000282]
	No. questions: 18630
	r@1: 0.1979602791196994
	r@5: 0.5636070853462157
	r@10: 0.7677938808373591
	meanR: 7.326301574707031
	meanRR: 0.3675123155117035
[2:55:05.385237][Epoch:   9][Iter:   5328][Loss: 2.547794][val loss: 2.817205][lr: 0.000277]
	No. questions: 18630
	r@1: 0.19957058507783146
	r@5: 0.5654857756307031
	r@10: 0.7638754696725711
	meanR: 7.423725128173828
	meanRR: 0.3686367869377136
[2:58:18.543210][Epoch:   9][Iter:   5428][Loss: 2.405084][val loss: 2.841375][lr: 0.000271]
	No. questions: 18630
	r@1: 0.20128824476650564
	r@5: 0.566935050993022
	r@10: 0.7655931293612454
	meanR: 7.425711154937744
	meanRR: 0.37037545442581177
[3:01:30.821839][Epoch:   9][Iter:   5528][Loss: 2.466797][val loss: 2.842066][lr: 0.000264]
	No. questions: 18630
	r@1: 0.20434782608695654
	r@5: 0.5713365539452496
	r@10: 0.7682769726247987
	meanR: 7.365754127502441
	meanRR: 0.37312719225883484
[3:04:44.153918][Epoch:   9][Iter:   5628][Loss: 2.416392][val loss: 2.825566][lr: 0.000258]
	No. questions: 18630
	r@1: 0.19586688137412775
	r@5: 0.5511003757380569
	r@10: 0.7583467525496511
	meanR: 7.561352729797363
	meanRR: 0.3630509078502655
[3:07:57.297865][Epoch:   9][Iter:   5728][Loss: 2.468078][val loss: 2.859667][lr: 0.000252]
	No. questions: 18630
	r@1: 0.19361245303274288
	r@5: 0.5510466988727858
	r@10: 0.7589371980676328
	meanR: 7.5181965827941895
	meanRR: 0.36078932881355286
[3:11:10.197669][Epoch:   9][Iter:   5828][Loss: 2.454245][val loss: 2.866722][lr: 0.000246]
	No. questions: 18630
	r@1: 0.2092860976918948
	r@5: 0.5730542136339237
	r@10: 0.7738056897477187
	meanR: 7.219699382781982
	meanRR: 0.3785000443458557
[3:14:22.766805][Epoch:   9][Iter:   5928][Loss: 2.493615][val loss: 2.780849][lr: 0.000240]
	No. questions: 18630
	r@1: 0.20891035963499732
	r@5: 0.5746645195920558
	r@10: 0.7759527643585614
	meanR: 7.149973392486572
	meanRR: 0.37773168087005615
[3:16:56.365026][Epoch:  10][Iter:   5994][Loss: 2.517323][val loss: 2.785008][lr: 0.000236]
	No. questions: 18630
	r@1: 0.20703166935050993
	r@5: 0.5711755233494364
	r@10: 0.7730542136339238
	meanR: 7.250670909881592
	meanRR: 0.37638336420059204
[3:20:08.350468][Epoch:  10][Iter:   6094][Loss: 2.361170][val loss: 2.823592][lr: 0.000230]
	No. questions: 18630
	r@1: 0.198443370907139
	r@5: 0.561352657004831
	r@10: 0.7639828234031133
	meanR: 7.448631286621094
	meanRR: 0.36668118834495544
[3:23:20.866316][Epoch:  10][Iter:   6194][Loss: 2.391987][val loss: 2.841248][lr: 0.000225]
	No. questions: 18630
	r@1: 0.2062265163714439
	r@5: 0.5726247987117552
	r@10: 0.7711755233494364
	meanR: 7.227375030517578
	meanRR: 0.37500840425491333
[3:26:33.339224][Epoch:  10][Iter:   6294][Loss: 2.427130][val loss: 2.800046][lr: 0.000220]
	No. questions: 18630
	r@1: 0.21073537305421364
	r@5: 0.5744498121309716
	r@10: 0.7750939345142244
	meanR: 7.278153419494629
	meanRR: 0.37932130694389343
[3:29:46.215025][Epoch:  10][Iter:   6394][Loss: 2.410832][val loss: 2.801742][lr: 0.000214]
	No. questions: 18630
	r@1: 0.21325818572195385
	r@5: 0.5789049919484702
	r@10: 0.7798174986580784
	meanR: 7.102254390716553
	meanRR: 0.38269129395484924
[3:32:58.826589][Epoch:  10][Iter:   6494][Loss: 2.421117][val loss: 2.781574][lr: 0.000209]
	No. questions: 18630
	r@1: 0.21100375738056898
	r@5: 0.5800858829844338
	r@10: 0.777938808373591
	meanR: 7.084702014923096
	meanRR: 0.3814033567905426
[3:36:10.082743][Epoch:  10][Iter:   6594][Loss: 2.411996][val loss: 2.776562][lr: 0.000204]
	No. questions: 18630
	r@1: 0.2085882984433709
	r@5: 0.5726247987117552
	r@10: 0.774074074074074
	meanR: 7.177294731140137
	meanRR: 0.3764191269874573
[3:38:43.705516][Epoch:  11][Iter:   6660][Loss: 2.499737][val loss: 2.793695][lr: 0.000201]
	No. questions: 18630
	r@1: 0.20982286634460548
	r@5: 0.572517444981213
	r@10: 0.7744498121309715
	meanR: 7.2220611572265625
	meanRR: 0.3777182400226593
[3:41:55.637613][Epoch:  11][Iter:   6760][Loss: 2.311819][val loss: 2.802810][lr: 0.000196]
	No. questions: 18630
	r@1: 0.2087493290391841
	r@5: 0.5734836285560924
	r@10: 0.7746108427267847
	meanR: 7.253032684326172
	meanRR: 0.37752071022987366
[3:45:06.687479][Epoch:  11][Iter:   6860][Loss: 2.307351][val loss: 2.816613][lr: 0.000192]
	No. questions: 18630
	r@1: 0.20923242082662372
	r@5: 0.5769189479334407
	r@10: 0.7767579173376274
	meanR: 7.185507297515869
	meanRR: 0.3788146376609802
[3:48:18.308193][Epoch:  11][Iter:   6960][Loss: 2.369428][val loss: 2.807840][lr: 0.000187]
	No. questions: 18630
	r@1: 0.21035963499731616
	r@5: 0.5828234031132582
	r@10: 0.7792807300053677
	meanR: 7.116693496704102
	meanRR: 0.3817751109600067
[3:51:30.103809][Epoch:  11][Iter:   7060][Loss: 2.343346][val loss: 2.783396][lr: 0.000183]
	No. questions: 18630
	r@1: 0.21266774020397208
	r@5: 0.5788513150831991
	r@10: 0.7753623188405797
	meanR: 7.155663013458252
	meanRR: 0.38145941495895386
[3:54:42.434242][Epoch:  11][Iter:   7160][Loss: 2.357368][val loss: 2.794192][lr: 0.000178]
	No. questions: 18630
	r@1: 0.20933977455716588
	r@5: 0.5774020397208803
	r@10: 0.7802469135802469
	meanR: 7.13870096206665
	meanRR: 0.37961357831954956
[3:57:55.147602][Epoch:  11][Iter:   7260][Loss: 2.362229][val loss: 2.792997][lr: 0.000174]
	No. questions: 18630
	r@1: 0.2133118625872249
	r@5: 0.5792270531400966
	r@10: 0.780354267310789
	meanR: 7.063821792602539
	meanRR: 0.38256406784057617
[4:00:28.958457][Epoch:  12][Iter:   7326][Loss: 2.362447][val loss: 2.783037][lr: 0.000171]
	No. questions: 18630
	r@1: 0.21084272678475577
	r@5: 0.5735373054213634
	r@10: 0.7775093934514224
	meanR: 7.194417476654053
	meanRR: 0.37984710931777954
[4:03:41.184882][Epoch:  12][Iter:   7426][Loss: 2.270605][val loss: 2.809733][lr: 0.000167]
	No. questions: 18630
	r@1: 0.2146537842190016
	r@5: 0.5710144927536231
	r@10: 0.773966720343532
	meanR: 7.234943866729736
	meanRR: 0.38093018531799316
[4:06:54.510574][Epoch:  12][Iter:   7526][Loss: 2.274139][val loss: 2.812276][lr: 0.000163]
	No. questions: 18630
	r@1: 0.2087493290391841
	r@5: 0.5758990874932904
	r@10: 0.7827697262479871
	meanR: 7.101878643035889
	meanRR: 0.37854698300361633
[4:10:05.676320][Epoch:  12][Iter:   7626][Loss: 2.291595][val loss: 2.814455][lr: 0.000159]
	No. questions: 18630
	r@1: 0.21390230810520666
	r@5: 0.5774020397208803
	r@10: 0.7781535158346753
	meanR: 7.155984878540039
	meanRR: 0.38213446736335754
[4:13:17.272790][Epoch:  12][Iter:   7726][Loss: 2.261117][val loss: 2.815573][lr: 0.000156]
	No. questions: 18630
	r@1: 0.21739130434782608
	r@5: 0.582716049382716
	r@10: 0.7776167471819646
	meanR: 7.160332679748535
	meanRR: 0.385642409324646
[4:16:29.160497][Epoch:  12][Iter:   7826][Loss: 2.350338][val loss: 2.785135][lr: 0.000152]
	No. questions: 18630
	r@1: 0.211808910359635
	r@5: 0.5773483628556092
	r@10: 0.7774020397208803
	meanR: 7.163124084472656
	meanRR: 0.38102319836616516
[4:19:40.788001][Epoch:  12][Iter:   7926][Loss: 2.333157][val loss: 2.801500][lr: 0.000148]
	No. questions: 18630
	r@1: 0.21486849168008587
	r@5: 0.5807836822329576
	r@10: 0.7822329575952764
	meanR: 7.042994976043701
	meanRR: 0.38467469811439514
[4:22:13.643327][Epoch:  13][Iter:   7992][Loss: 2.295367][val loss: 2.790115][lr: 0.000146]
	No. questions: 18630
	r@1: 0.2122920021470746
	r@5: 0.5814814814814815
	r@10: 0.778797638217928
	meanR: 7.142995357513428
	meanRR: 0.3830389380455017
[4:25:24.962461][Epoch:  13][Iter:   8092][Loss: 2.179160][val loss: 2.812810][lr: 0.000142]
	No. questions: 18630
	r@1: 0.20955448201825014
	r@5: 0.5774020397208803
	r@10: 0.7801395598497047
	meanR: 7.08411169052124
	meanRR: 0.3799048662185669
[4:28:37.592759][Epoch:  13][Iter:   8192][Loss: 2.220300][val loss: 2.800520][lr: 0.000139]
	No. questions: 18630
	r@1: 0.21390230810520666
	r@5: 0.5818035426731079
	r@10: 0.7812667740203972
	meanR: 7.082501411437988
	meanRR: 0.38392147421836853
[4:31:48.994223][Epoch:  13][Iter:   8292][Loss: 2.237114][val loss: 2.808555][lr: 0.000136]
	No. questions: 18630
	r@1: 0.2122920021470746
	r@5: 0.5780998389694042
	r@10: 0.7801395598497047
	meanR: 7.170423984527588
	meanRR: 0.38154125213623047
[4:35:00.177169][Epoch:  13][Iter:   8392][Loss: 2.277710][val loss: 2.809334][lr: 0.000132]
	No. questions: 18630
	r@1: 0.2128287707997853
	r@5: 0.5796564680622651
	r@10: 0.7799785292538916
	meanR: 7.085936546325684
	meanRR: 0.38165953755378723
[4:38:12.866349][Epoch:  13][Iter:   8492][Loss: 2.293235][val loss: 2.789577][lr: 0.000129]
	No. questions: 18630
	r@1: 0.20966183574879227
	r@5: 0.577992485238862
	r@10: 0.780300590445518
	meanR: 7.145947456359863
	meanRR: 0.3797813951969147
[4:41:24.775246][Epoch:  13][Iter:   8592][Loss: 2.297516][val loss: 2.801555][lr: 0.000126]
	No. questions: 18630
	r@1: 0.21336553945249598
	r@5: 0.5828770799785292
	r@10: 0.7823939881910896
	meanR: 7.025335311889648
	meanRR: 0.3836817741394043
[4:43:57.459954][Epoch:  14][Iter:   8658][Loss: 2.284876][val loss: 2.792451][lr: 0.000124]
	No. questions: 18630
	r@1: 0.21395598497047771
	r@5: 0.5814278046162105
	r@10: 0.7818035426731079
	meanR: 7.124959945678711
	meanRR: 0.3839022219181061
[4:47:08.625641][Epoch:  14][Iter:   8758][Loss: 2.164553][val loss: 2.807794][lr: 0.000121]
	No. questions: 18630
	r@1: 0.20891035963499732
	r@5: 0.5705314009661836
	r@10: 0.7730542136339238
	meanR: 7.307031631469727
	meanRR: 0.37660151720046997
[4:50:19.683326][Epoch:  14][Iter:   8858][Loss: 2.192828][val loss: 2.836724][lr: 0.000118]
	No. questions: 18630
	r@1: 0.21363392377885132
	r@5: 0.5841116478797638
	r@10: 0.7828234031132582
	meanR: 7.063982963562012
	meanRR: 0.3834713399410248
[4:53:31.196928][Epoch:  14][Iter:   8958][Loss: 2.209217][val loss: 2.799598][lr: 0.000116]
	No. questions: 18630
	r@1: 0.21443907675791735
	r@5: 0.5833601717659689
	r@10: 0.7806226516371444
	meanR: 7.115244388580322
	meanRR: 0.3844401240348816
[4:56:44.349552][Epoch:  14][Iter:   9058][Loss: 2.240812][val loss: 2.800029][lr: 0.000113]
	No. questions: 18630
	r@1: 0.2158883521202362
	r@5: 0.5842190016103059
	r@10: 0.7839506172839507
	meanR: 7.034943580627441
	meanRR: 0.38638031482696533
[4:59:57.210112][Epoch:  14][Iter:   9158][Loss: 2.197254][val loss: 2.790904][lr: 0.000110]
	No. questions: 18630
	r@1: 0.21395598497047771
	r@5: 0.5757917337627483
	r@10: 0.7782071926999463
	meanR: 7.127750873565674
	meanRR: 0.3824351727962494
[5:03:10.081831][Epoch:  14][Iter:   9258][Loss: 2.209242][val loss: 2.802171][lr: 0.000108]
	No. questions: 18630
	r@1: 0.2134728931830381
	r@5: 0.5842190016103059
	r@10: 0.7804079441760601
	meanR: 7.080783843994141
	meanRR: 0.38516050577163696
[5:05:44.442065][Epoch:  15][Iter:   9324][Loss: 2.256958][val loss: 2.798194][lr: 0.000106]
	No. questions: 18630
	r@1: 0.2116478797638218
	r@5: 0.5844873859366613
	r@10: 0.7853462157809984
	meanR: 7.04229736328125
	meanRR: 0.3836563229560852
[5:08:55.576160][Epoch:  15][Iter:   9424][Loss: 2.121414][val loss: 2.816844][lr: 0.000103]
	No. questions: 18630
	r@1: 0.21309715512614064
	r@5: 0.5840579710144927
	r@10: 0.7864197530864198
	meanR: 6.978851318359375
	meanRR: 0.3846578896045685
[5:12:08.136790][Epoch:  15][Iter:   9524][Loss: 2.088039][val loss: 2.827229][lr: 0.000101]
	No. questions: 18630
	r@1: 0.21304347826086956
	r@5: 0.5713902308105206
	r@10: 0.77788513150832
	meanR: 7.26086950302124
	meanRR: 0.3799861669540405
[5:15:19.365730][Epoch:  15][Iter:   9624][Loss: 2.170542][val loss: 2.835839][lr: 0.000098]
	No. questions: 18630
	r@1: 0.20772946859903382
	r@5: 0.5798174986580784
	r@10: 0.7821256038647343
	meanR: 7.061460018157959
	meanRR: 0.37934818863868713
[5:18:32.223713][Epoch:  15][Iter:   9724][Loss: 2.135001][val loss: 2.814224][lr: 0.000096]
	No. questions: 18630
	r@1: 0.21540526033279656
	r@5: 0.5786902844873859
	r@10: 0.783521202361782
	meanR: 7.065270900726318
	meanRR: 0.38471102714538574
[5:21:45.046599][Epoch:  15][Iter:   9824][Loss: 2.202528][val loss: 2.800595][lr: 0.000094]
	No. questions: 18630
	r@1: 0.21572732152442298
	r@5: 0.5882984433709071
	r@10: 0.785829307568438
	meanR: 7.021363258361816
	meanRR: 0.38629600405693054
[5:24:57.602149][Epoch:  15][Iter:   9924][Loss: 2.188134][val loss: 2.797979][lr: 0.000092]
	No. questions: 18630
	r@1: 0.2170155662909286
	r@5: 0.5824476650563607
	r@10: 0.7838969404186795
	meanR: 7.0512614250183105
	meanRR: 0.38696733117103577
[5:27:31.686454][Epoch:  16][Iter:   9990][Loss: 2.188113][val loss: 2.790070][lr: 0.000090]
	No. questions: 18630
	r@1: 0.21239935587761674
	r@5: 0.5798174986580784
	r@10: 0.7757380568974772
	meanR: 7.197208881378174
	meanRR: 0.3824974000453949
[5:30:44.370962][Epoch:  16][Iter:  10090][Loss: 2.112887][val loss: 2.844872][lr: 0.000088]
	No. questions: 18630
	r@1: 0.21159420289855072
	r@5: 0.581052066559313
	r@10: 0.7851851851851852
	meanR: 7.047342777252197
	meanRR: 0.38292643427848816
[5:33:56.723134][Epoch:  16][Iter:  10190][Loss: 2.097368][val loss: 2.823395][lr: 0.000086]
	No. questions: 18630
	r@1: 0.2131508319914117
	r@5: 0.5836822329575952
	r@10: 0.7825013419216318
	meanR: 7.112131118774414
	meanRR: 0.3847809135913849
[5:37:09.103917][Epoch:  16][Iter:  10290][Loss: 2.103421][val loss: 2.823570][lr: 0.000084]
	No. questions: 18630
	r@1: 0.21723027375201287
	r@5: 0.5756307031669351
	r@10: 0.7789049919484702
	meanR: 7.1721954345703125
	meanRR: 0.3849676847457886
[5:40:20.191314][Epoch:  16][Iter:  10390][Loss: 2.140083][val loss: 2.826930][lr: 0.000082]
	No. questions: 18630
	r@1: 0.21486849168008587
	r@5: 0.5842190016103059
	r@10: 0.7815888352120236
	meanR: 7.062211513519287
	meanRR: 0.38604286313056946
[5:43:33.453093][Epoch:  16][Iter:  10490][Loss: 2.191203][val loss: 2.809800][lr: 0.000080]
	No. questions: 18630
	r@1: 0.20987654320987653
	r@5: 0.581857219538379
	r@10: 0.7808373590982287
	meanR: 7.1315083503723145
	meanRR: 0.38141629099845886
[5:46:44.842250][Epoch:  16][Iter:  10590][Loss: 2.171978][val loss: 2.810181][lr: 0.000078]
	No. questions: 18630
	r@1: 0.21545893719806763
	r@5: 0.5850778314546431
	r@10: 0.7853998926462694
	meanR: 7.018786907196045
	meanRR: 0.3861219882965088
[5:49:19.446996][Epoch:  17][Iter:  10656][Loss: 2.106110][val loss: 2.810687][lr: 0.000077]
	No. questions: 18630
	r@1: 0.21379495437466453
	r@5: 0.5820182501341922
	r@10: 0.7821792807300054
	meanR: 7.105904579162598
	meanRR: 0.3838648200035095
[5:52:31.502823][Epoch:  17][Iter:  10756][Loss: 2.037072][val loss: 2.831857][lr: 0.000075]
	No. questions: 18630
	r@1: 0.21427804616210414
	r@5: 0.5798711755233494
	r@10: 0.7819645732689211
	meanR: 7.131562232971191
	meanRR: 0.38376477360725403
[5:55:43.091562][Epoch:  17][Iter:  10856][Loss: 2.111544][val loss: 2.831173][lr: 0.000073]
	No. questions: 18630
	r@1: 0.21272141706924316
	r@5: 0.582662372517445
	r@10: 0.7819108964036501
	meanR: 7.080246925354004
	meanRR: 0.38245344161987305
[5:58:54.396122][Epoch:  17][Iter:  10956][Loss: 2.073204][val loss: 2.842354][lr: 0.000071]
	No. questions: 18630
	r@1: 0.21486849168008587
	r@5: 0.582716049382716
	r@10: 0.7827697262479871
	meanR: 7.07938814163208
	meanRR: 0.3843165934085846
[6:02:05.901195][Epoch:  17][Iter:  11056][Loss: 2.091743][val loss: 2.821439][lr: 0.000070]
	No. questions: 18630
	r@1: 0.21476113794954374
	r@5: 0.5790660225442834
	r@10: 0.7766505636070854
	meanR: 7.2703166007995605
	meanRR: 0.3829366862773895
[6:05:17.460652][Epoch:  17][Iter:  11156][Loss: 2.104299][val loss: 2.847279][lr: 0.000068]
	No. questions: 18630
	r@1: 0.2116478797638218
	r@5: 0.5826086956521739
	r@10: 0.7786366076221148
	meanR: 7.10939359664917
	meanRR: 0.3819638788700104
[6:08:28.513120][Epoch:  17][Iter:  11256][Loss: 2.099835][val loss: 2.835210][lr: 0.000066]
	No. questions: 18630
	r@1: 0.2151368760064412
	r@5: 0.5861513687600645
	r@10: 0.7836822329575953
	meanR: 7.050617218017578
	meanRR: 0.3860764503479004
[6:11:00.886335][Epoch:  18][Iter:  11322][Loss: 2.080929][val loss: 2.811809][lr: 0.000065]
	No. questions: 18630
	r@1: 0.21218464841653248
	r@5: 0.5869028448738594
	r@10: 0.7812130971551261
	meanR: 7.064895153045654
	meanRR: 0.3834270238876343
[6:14:12.195377][Epoch:  18][Iter:  11422][Loss: 2.052192][val loss: 2.836495][lr: 0.000064]
	No. questions: 18630
	r@1: 0.2131508319914117
	r@5: 0.5844337090713903
	r@10: 0.7862050456253354
	meanR: 7.029415130615234
	meanRR: 0.38446980714797974
[6:17:23.516606][Epoch:  18][Iter:  11522][Loss: 2.045896][val loss: 2.846869][lr: 0.000062]
	No. questions: 18630
	r@1: 0.2146537842190016
	r@5: 0.5778314546430489
	r@10: 0.7807300053676866
	meanR: 7.175201416015625
	meanRR: 0.3827986717224121
[6:20:35.720645][Epoch:  18][Iter:  11622][Loss: 2.069822][val loss: 2.839717][lr: 0.000061]
	No. questions: 18630
	r@1: 0.21272141706924316
	r@5: 0.5777241009125067
	r@10: 0.7783682232957595
	meanR: 7.172678470611572
	meanRR: 0.3824537694454193
[6:23:47.664268][Epoch:  18][Iter:  11722][Loss: 2.055961][val loss: 2.848559][lr: 0.000059]
	No. questions: 18630
	r@1: 0.2109500805152979
	r@5: 0.5802469135802469
	r@10: 0.782716049382716
	meanR: 7.1031670570373535
	meanRR: 0.3813460171222687
[6:26:59.529025][Epoch:  18][Iter:  11822][Loss: 2.068613][val loss: 2.855371][lr: 0.000058]
	No. questions: 18630
	r@1: 0.2129898013955985
	r@5: 0.5816961889425658
	r@10: 0.7815351583467526
	meanR: 7.097638130187988
	meanRR: 0.3835641145706177
[6:30:10.838360][Epoch:  18][Iter:  11922][Loss: 2.063003][val loss: 2.827557][lr: 0.000057]
	No. questions: 18630
	r@1: 0.2121309715512614
	r@5: 0.5806226516371444
	r@10: 0.7831991411701557
	meanR: 7.12925386428833
	meanRR: 0.3818967342376709
[6:32:44.114225][Epoch:  19][Iter:  11988][Loss: 2.106652][val loss: 2.831583][lr: 0.000056]
	No. questions: 18630
	r@1: 0.216532474503489
	r@5: 0.5847020933977456
	r@10: 0.7841653247450349
	meanR: 7.141706943511963
	meanRR: 0.38632258772850037
[6:35:55.108000][Epoch:  19][Iter:  12088][Loss: 1.996253][val loss: 2.848475][lr: 0.000054]
	No. questions: 18630
	r@1: 0.21379495437466453
	r@5: 0.5794954374664519
	r@10: 0.7782608695652173
	meanR: 7.209983825683594
	meanRR: 0.38376253843307495
[6:39:07.364176][Epoch:  19][Iter:  12188][Loss: 1.995321][val loss: 2.875154][lr: 0.000053]
	No. questions: 18630
	r@1: 0.21175523349436393
	r@5: 0.5852388620504563
	r@10: 0.7820719269994633
	meanR: 7.085131645202637
	meanRR: 0.3834840953350067
[6:42:18.627229][Epoch:  19][Iter:  12288][Loss: 2.019063][val loss: 2.850281][lr: 0.000052]
	No. questions: 18630
	r@1: 0.2180354267310789
	r@5: 0.5838432635534084
	r@10: 0.7808910359634997
	meanR: 7.121792793273926
	meanRR: 0.3869033455848694
[6:45:30.409294][Epoch:  19][Iter:  12388][Loss: 2.048410][val loss: 2.850383][lr: 0.000051]
	No. questions: 18630
	r@1: 0.21524422973698337
	r@5: 0.5814278046162105
	r@10: 0.7835748792270532
	meanR: 7.0727858543396
	meanRR: 0.3842432200908661
[6:48:42.331350][Epoch:  19][Iter:  12488][Loss: 2.034280][val loss: 2.842721][lr: 0.000050]
	No. questions: 18630
	r@1: 0.21540526033279656
	r@5: 0.5801395598497048
	r@10: 0.7817498658078368
	meanR: 7.186044216156006
	meanRR: 0.38395199179649353
[6:51:54.295439][Epoch:  19][Iter:  12588][Loss: 2.084668][val loss: 2.849904][lr: 0.000050]
	No. questions: 18630
	r@1: 0.2151368760064412
	r@5: 0.5821792807300054
	r@10: 0.7828770799785293
	meanR: 7.0660223960876465
	meanRR: 0.3858320415019989
[6:54:27.424802][Epoch:  20][Iter:  12654][Loss: 2.048614][val loss: 2.833351][lr: 0.000050]
	No. questions: 18630
	r@1: 0.21733762748255503
	r@5: 0.5796564680622651
	r@10: 0.7833601717659688
	meanR: 7.083735942840576
	meanRR: 0.3852994441986084
[6:57:38.690142][Epoch:  20][Iter:  12754][Loss: 1.966959][val loss: 2.862406][lr: 0.000050]
	No. questions: 18630
	r@1: 0.21288244766505637
	r@5: 0.578743961352657
	r@10: 0.7798711755233494
	meanR: 7.178099632263184
	meanRR: 0.3825329840183258
[7:00:50.052177][Epoch:  20][Iter:  12854][Loss: 1.975659][val loss: 2.870123][lr: 0.000050]
	No. questions: 18630
	r@1: 0.21438539989264627
	r@5: 0.5794954374664519
	r@10: 0.7852925389157274
	meanR: 7.10445499420166
	meanRR: 0.384348601102829
[7:04:01.139960][Epoch:  20][Iter:  12954][Loss: 1.943868][val loss: 2.873776][lr: 0.000050]
	No. questions: 18630
	r@1: 0.21733762748255503
	r@5: 0.5816425120772947
	r@10: 0.7816425120772947
	meanR: 7.113687515258789
	meanRR: 0.38580676913261414
[7:07:13.492042][Epoch:  20][Iter:  13054][Loss: 2.042096][val loss: 2.848934][lr: 0.000050]
	No. questions: 18630
	r@1: 0.2156736446591519
	r@5: 0.5826086956521739
	r@10: 0.7816961889425658
	meanR: 7.108802795410156
	meanRR: 0.3854675889015198
[7:10:25.601921][Epoch:  20][Iter:  13154][Loss: 2.011347][val loss: 2.859485][lr: 0.000050]
	No. questions: 18630
	r@1: 0.21277509393451421
	r@5: 0.5799785292538916
	r@10: 0.7814278046162104
	meanR: 7.16446590423584
	meanRR: 0.3833523094654083
[7:13:37.461425][Epoch:  20][Iter:  13254][Loss: 2.053368][val loss: 2.863799][lr: 0.000050]
wandb: Waiting for W&B process to finish, PID 3119457
wandb: Program ended successfully.
wandb: - 0.00MB of 0.00MB uploaded (0.00MB deduped)wandb: \ 0.04MB of 0.04MB uploaded (0.00MB deduped)wandb:                                                                                
wandb: Find user logs for this run at: wandb/run-20201007_135835-13068nly/logs/debug.log
wandb: Find internal logs for this run at: wandb/run-20201007_135835-13068nly/logs/debug-internal.log
wandb: Run summary:
wandb:   Train Loss 2.0533681196014495
wandb:     Val Loss 2.8637990279075427
wandb:          r@1 0.21277509393451421
wandb:          r@5 0.5799785292538916
wandb:         r@10 0.7814278046162104
wandb:        meanR 7.16446590423584
wandb:       meanRR 0.3833523094654083
wandb:        Epoch 20
wandb:        _step 139
wandb:     _runtime 26048
wandb:   _timestamp 1602101563
wandb: Run history:
wandb:   Train Loss █▆▅▄▄▄▄▄▃▃▃▃▃▃▃▃▂▂▃▂▂▂▂▂▂▂▂▂▁▂▁▁▁▁▁▁▁▁▁▁
wandb:     Val Loss █▆▄▃▃▃▂▂▂▂▁▂▁▁▁▁▁▁▁▁▁▁▁▁▁▁▁▁▁▁▁▁▁▁▁▁▁▁▁▁
wandb:          r@1 ▁▂▄▅▅▅▆▆▆▇▇▇▇▇▇▇▇▇██████████████████████
wandb:          r@5 ▁▃▅▅▆▆▆▇▇▇▇▇▇████▇██████████████████████
wandb:         r@10 ▁▃▅▆▆▆▇▇▇▇▇▇████████████████████████████
wandb:        meanR █▅▃▂▂▂▂▂▂▁▁▁▁▁▁▁▁▁▁▁▁▁▁▁▁▁▁▁▁▁▁▁▁▁▁▁▁▁▁▁
wandb:       meanRR ▁▂▄▅▆▆▆▇▇▇▇▇▇▇███▇██████████████████████
wandb:        Epoch ▁▁▁▁▂▂▂▂▂▂▃▃▃▃▄▄▄▄▄▄▅▅▅▅▅▅▆▆▆▆▇▇▇▇▇▇████
wandb:        _step ▁▁▁▂▂▂▂▂▂▃▃▃▃▃▃▄▄▄▄▄▅▅▅▅▅▅▆▆▆▆▆▆▇▇▇▇▇███
wandb:     _runtime ▁▁▁▂▂▂▂▂▂▃▃▃▃▃▃▄▄▄▄▄▅▅▅▅▅▅▆▆▆▆▆▆▇▇▇▇▇███
wandb:   _timestamp ▁▁▁▂▂▂▂▂▂▃▃▃▃▃▃▄▄▄▄▄▅▅▅▅▅▅▆▆▆▆▆▆▇▇▇▇▇███
wandb: Synced 5 W&B file(s), 0 media file(s), 0 artifact file(s) and 0 other file(s)
wandb: 
wandb: Synced dva_MRC-conclt300_train: https://app.wandb.ai/visual-modelling/a_vs_c/runs/13068nly

