wandb: Currently logged in as: visual-modelling (use `wandb login --relogin` to force relogin)
wandb: wandb version 0.10.4 is available!  To upgrade, please run:
wandb:  $ pip install wandb --upgrade
wandb: Tracking run with wandb version 0.10.0
wandb: Run data is saved locally in wandb/run-20201007_103227-jthm422t
wandb: Syncing run dva_MRC-concgt300_train
wandb: ⭐️ View project at https://app.wandb.ai/visual-modelling/a_vs_c
wandb: 🚀 View run at https://app.wandb.ai/visual-modelling/a_vs_c/runs/jthm422t
wandb: Run `wandb off` to turn off syncing.
input_img           : ../data/AVSD/features/data_img.h5
input_vid           : ../data/AVSD/features/data_video.h5
input_audio         : ../data/AVSD/features/data_audio.h5
input_ques          : ../data/AVSD/features/dialogs.h5
input_json          : ../data/AVSD/features/params.json
img_norm            : 1
img_feature_size    : 4096
vid_feature_size    : 4096
audio_feature_size  : 4096
embed_size          : 300
rnn_hidden_size     : 512
num_layers          : 2
max_history_len     : 60
dropout             : 0.5
input_type          : question_video_audio
encoder             : lf-ques-im-hist
concat_history      : True
decoder             : disc
jobname             : dva_MRC-concgt300_train
num_epochs          : 20
batch_size          : 12
lr                  : 0.001
lr_decay_rate       : 0.9997592083
min_lr              : 5e-05
weight_init         : xavier
weight_decay        : 0.00075
overfit             : False
gpuid               : 0
load_path           : /home/jumperkables/kable_management/projects/a_vs_c/avsd
save_path           : /home/jumperkables/kable_management/projects/a_vs_c/avsd/.results/dva_MRC-concgt300
save_step           : 2
log                 : True
mrc_norms_conditions: ['conc-gt-300']
load_flag           : False
Dataloader loading json file: /home/jumperkables/kable_management/data/AVSD/features/params.json
Vocab size with <START>, <END>: 4563
Dataloader loading h5 file: /home/jumperkables/kable_management/data/AVSD/features/dialogs.h5
Dataloader loading h5 file: /home/jumperkables/kable_management/data/AVSD/features/data_video.h5
Dataloader loading h5 file: /home/jumperkables/kable_management/data/AVSD/features/data_audio.h5

Processing split [train]...
Reading video features...
Reading audio features...
[train] no. of threads: 7985
	Max no. of rounds: 10
	Max ques len: 20
	Max ans len: 20
Dataloader loading json file: /home/jumperkables/kable_management/data/AVSD/features/params.json
Vocab size with <START>, <END>: 4563
Dataloader loading h5 file: /home/jumperkables/kable_management/data/AVSD/features/dialogs.h5
Dataloader loading h5 file: /home/jumperkables/kable_management/data/AVSD/features/data_video.h5
Dataloader loading h5 file: /home/jumperkables/kable_management/data/AVSD/features/data_audio.h5

Processing split [val]...
Reading video features...
Reading audio features...
[val] no. of threads: 1863
	Max no. of rounds: 10
	Max ques len: 20
	Max ans len: 20
666 iter per epoch.
Encoder: lf-ques-im-hist
Decoder: disc
Training start time: 07-Oct-2020-09:32:45
	No. questions: 18630
	r@1: 0.015512614063338702
	r@5: 0.07101449275362319
	r@10: 0.14889962426194311
	meanR: 37.125389099121094
	meanRR: 0.07022675126791
[0:01:14.258732][Epoch:   1][Iter:      0][Loss: 4.778636][val loss: 7.499683][lr: 0.001000]
	No. questions: 18630
	r@1: 0.027750939345142243
	r@5: 0.12506709608158884
	r@10: 0.24353193773483628
	meanR: 25.189802169799805
	meanRR: 0.10505951941013336
[0:03:49.287894][Epoch:   1][Iter:    100][Loss: 4.461116][val loss: 4.277233][lr: 0.000976]
	No. questions: 18630
	r@1: 0.04363929146537842
	r@5: 0.192109500805153
	r@10: 0.3457326892109501
	meanR: 20.92989730834961
	meanRR: 0.1403929740190506
[0:06:25.429000][Epoch:   1][Iter:    200][Loss: 4.131817][val loss: 4.022954][lr: 0.000953]
	No. questions: 18630
	r@1: 0.05367686527106817
	r@5: 0.24095544820182502
	r@10: 0.4293612453032743
	meanR: 16.237197875976562
	meanRR: 0.16824010014533997
[0:09:01.423295][Epoch:   1][Iter:    300][Loss: 3.834686][val loss: 3.798536][lr: 0.000930]
	No. questions: 18630
	r@1: 0.06908212560386473
	r@5: 0.28845947396672034
	r@10: 0.48840579710144927
	meanR: 14.222329139709473
	meanRR: 0.19455493986606598
[0:11:36.973691][Epoch:   1][Iter:    400][Loss: 3.663636][val loss: 3.607602][lr: 0.000908]
	No. questions: 18630
	r@1: 0.07573805689747719
	r@5: 0.30665593129361246
	r@10: 0.5183574879227053
	meanR: 13.487439155578613
	meanRR: 0.20547457039356232
[0:14:12.133554][Epoch:   1][Iter:    500][Loss: 3.528922][val loss: 3.567666][lr: 0.000886]
	No. questions: 18630
	r@1: 0.09194847020933977
	r@5: 0.3588298443370907
	r@10: 0.5734836285560924
	meanR: 12.08174991607666
	meanRR: 0.2334395796060562
[0:16:48.504573][Epoch:   1][Iter:    600][Loss: 3.441921][val loss: 3.423248][lr: 0.000865]
	No. questions: 18630
	r@1: 0.09828234031132582
	r@5: 0.3616747181964573
	r@10: 0.5718733225979603
	meanR: 12.139667510986328
	meanRR: 0.23799045383930206
[0:18:56.247067][Epoch:   2][Iter:    666][Loss: 3.393070][val loss: 3.409567][lr: 0.000852]
	No. questions: 18630
	r@1: 0.10703166935050994
	r@5: 0.37600644122383253
	r@10: 0.5865271068169619
	meanR: 11.866397857666016
	meanRR: 0.2480834573507309
[0:21:32.165219][Epoch:   2][Iter:    766][Loss: 3.251985][val loss: 3.390290][lr: 0.000831]
	No. questions: 18630
	r@1: 0.11202361782071928
	r@5: 0.39060654857756305
	r@10: 0.6
	meanR: 11.299140930175781
	meanRR: 0.2562498152256012
[0:24:07.250262][Epoch:   2][Iter:    866][Loss: 3.223057][val loss: 3.356703][lr: 0.000812]
	No. questions: 18630
	r@1: 0.11288244766505635
	r@5: 0.4040257648953301
	r@10: 0.6245840042941492
	meanR: 10.642404556274414
	meanRR: 0.2620048224925995
[0:26:43.453178][Epoch:   2][Iter:    966][Loss: 3.235263][val loss: 3.276315][lr: 0.000792]
	No. questions: 18630
	r@1: 0.12705314009661836
	r@5: 0.4209339774557166
	r@10: 0.6255501878690285
	meanR: 10.687493324279785
	meanRR: 0.27521848678588867
[0:29:18.694796][Epoch:   2][Iter:   1066][Loss: 3.157994][val loss: 3.267273][lr: 0.000773]
	No. questions: 18630
	r@1: 0.1249597423510467
	r@5: 0.42920021470746106
	r@10: 0.6539989264626945
	meanR: 9.950241088867188
	meanRR: 0.2777271568775177
[0:31:54.788866][Epoch:   2][Iter:   1166][Loss: 3.146283][val loss: 3.199821][lr: 0.000755]
	No. questions: 18630
	r@1: 0.12324208266237252
	r@5: 0.42447665056360706
	r@10: 0.6475577026301664
	meanR: 10.028180122375488
	meanRR: 0.27548572421073914
[0:34:29.970828][Epoch:   2][Iter:   1266][Loss: 3.145721][val loss: 3.211983][lr: 0.000737]
	No. questions: 18630
	r@1: 0.13381642512077294
	r@5: 0.45254965110037576
	r@10: 0.6755770263016639
	meanR: 9.541438102722168
	meanRR: 0.2906011939048767
[0:36:37.318385][Epoch:   3][Iter:   1332][Loss: 3.125725][val loss: 3.140276][lr: 0.000725]
	No. questions: 18630
	r@1: 0.1404723564143854
	r@5: 0.4591519055287171
	r@10: 0.6739667203435319
	meanR: 9.646376609802246
	meanRR: 0.2977699041366577
[0:39:13.910587][Epoch:   3][Iter:   1432][Loss: 3.009957][val loss: 3.146060][lr: 0.000708]
	No. questions: 18630
	r@1: 0.14251207729468598
	r@5: 0.46333870101986047
	r@10: 0.6751476113794954
	meanR: 9.444068908691406
	meanRR: 0.29938432574272156
[0:41:50.343522][Epoch:   3][Iter:   1532][Loss: 3.043016][val loss: 3.118266][lr: 0.000691]
	No. questions: 18630
	r@1: 0.14288781535158346
	r@5: 0.46296296296296297
	r@10: 0.6755770263016639
	meanR: 9.537198066711426
	meanRR: 0.3000989854335785
[0:44:26.190314][Epoch:   3][Iter:   1632][Loss: 3.006006][val loss: 3.125527][lr: 0.000675]
	No. questions: 18630
	r@1: 0.14718196457326893
	r@5: 0.47192699946323136
	r@10: 0.6886205045625335
	meanR: 9.288996696472168
	meanRR: 0.30518195033073425
[0:47:02.941804][Epoch:   3][Iter:   1732][Loss: 2.977537][val loss: 3.093296][lr: 0.000659]
	No. questions: 18630
	r@1: 0.15169082125603864
	r@5: 0.48083735909822867
	r@10: 0.6966720343531938
	meanR: 8.95866870880127
	meanRR: 0.3117750585079193
[0:49:38.700666][Epoch:   3][Iter:   1832][Loss: 2.964567][val loss: 3.058834][lr: 0.000643]
	No. questions: 18630
	r@1: 0.15399892646269459
	r@5: 0.48754696725711216
	r@10: 0.7018786902844873
	meanR: 8.937734603881836
	meanRR: 0.31524762511253357
[0:52:14.399348][Epoch:   3][Iter:   1932][Loss: 2.985138][val loss: 3.054126][lr: 0.000628]
	No. questions: 18630
	r@1: 0.16060118089103598
	r@5: 0.49592055823939885
	r@10: 0.7079441760601181
	meanR: 8.656038284301758
	meanRR: 0.32225942611694336
[0:54:22.604335][Epoch:   4][Iter:   1998][Loss: 2.953989][val loss: 3.019573][lr: 0.000618]
	No. questions: 18630
	r@1: 0.15856146001073537
	r@5: 0.4955984970477724
	r@10: 0.7064412238325282
	meanR: 8.776060104370117
	meanRR: 0.31898343563079834
[0:56:58.936928][Epoch:   4][Iter:   2098][Loss: 2.822930][val loss: 3.052915][lr: 0.000603]
	No. questions: 18630
	r@1: 0.14884594739667203
	r@5: 0.47718733225979604
	r@10: 0.6964573268921095
	meanR: 8.919699668884277
	meanRR: 0.3093666136264801
[0:59:35.530736][Epoch:   4][Iter:   2198][Loss: 2.890127][val loss: 3.065929][lr: 0.000589]
	No. questions: 18630
	r@1: 0.16908212560386474
	r@5: 0.5074074074074074
	r@10: 0.7231884057971014
	meanR: 8.37525463104248
	meanRR: 0.3307889401912689
[1:02:12.019096][Epoch:   4][Iter:   2298][Loss: 2.884904][val loss: 2.973065][lr: 0.000575]
	No. questions: 18630
	r@1: 0.16559312936124532
	r@5: 0.5153515834675255
	r@10: 0.722007514761138
	meanR: 8.326248168945312
	meanRR: 0.33041563630104065
[1:04:48.327152][Epoch:   4][Iter:   2398][Loss: 2.897474][val loss: 2.977688][lr: 0.000561]
	No. questions: 18630
	r@1: 0.16795491143317232
	r@5: 0.5124530327428878
	r@10: 0.7253891572732153
	meanR: 8.287439346313477
	meanRR: 0.3324061632156372
[1:07:23.511026][Epoch:   4][Iter:   2498][Loss: 2.870887][val loss: 2.969203][lr: 0.000548]
	No. questions: 18630
	r@1: 0.17273215244229737
	r@5: 0.5194847020933977
	r@10: 0.729898013955985
	meanR: 8.170745849609375
	meanRR: 0.3373611569404602
[1:09:59.018807][Epoch:   4][Iter:   2598][Loss: 2.841414][val loss: 2.947792][lr: 0.000535]
	No. questions: 18630
	r@1: 0.1623725174449812
	r@5: 0.503918411164788
	r@10: 0.7194310252281266
	meanR: 8.417122840881348
	meanRR: 0.32611244916915894
[1:12:07.636905][Epoch:   5][Iter:   2664][Loss: 2.836760][val loss: 2.993273][lr: 0.000526]
	No. questions: 18630
	r@1: 0.16629092860976918
	r@5: 0.5090713902308105
	r@10: 0.7200214707461084
	meanR: 8.48840618133545
	meanRR: 0.3300652801990509
[1:14:43.439116][Epoch:   5][Iter:   2764][Loss: 2.764571][val loss: 2.993910][lr: 0.000514]
	No. questions: 18630
	r@1: 0.174020397208803
	r@5: 0.5181964573268921
	r@10: 0.7303274288781535
	meanR: 8.305099487304688
	meanRR: 0.33693304657936096
[1:17:19.169712][Epoch:   5][Iter:   2864][Loss: 2.725529][val loss: 2.972643][lr: 0.000502]
	No. questions: 18630
	r@1: 0.18024691358024691
	r@5: 0.5286097691894793
	r@10: 0.7341384863123993
	meanR: 8.038701057434082
	meanRR: 0.3456231355667114
[1:19:54.759939][Epoch:   5][Iter:   2964][Loss: 2.809225][val loss: 2.923690][lr: 0.000490]
	No. questions: 18630
	r@1: 0.17611379495437465
	r@5: 0.5266774020397209
	r@10: 0.7318840579710145
	meanR: 8.158239364624023
	meanRR: 0.3413097858428955
[1:22:30.782939][Epoch:   5][Iter:   3064][Loss: 2.793035][val loss: 2.947151][lr: 0.000478]
	No. questions: 18630
	r@1: 0.17391304347826086
	r@5: 0.5257112184648417
	r@10: 0.7390767579173376
	meanR: 8.009554862976074
	meanRR: 0.3395692706108093
[1:25:06.972495][Epoch:   5][Iter:   3164][Loss: 2.740333][val loss: 2.934124][lr: 0.000467]
	No. questions: 18630
	r@1: 0.18046162104133118
	r@5: 0.5304884594739667
	r@10: 0.7371443907675792
	meanR: 7.958346843719482
	meanRR: 0.3466613292694092
[1:27:42.980200][Epoch:   5][Iter:   3264][Loss: 2.798992][val loss: 2.912283][lr: 0.000456]
	No. questions: 18630
	r@1: 0.18674181427804618
	r@5: 0.5400966183574879
	r@10: 0.7450348899624262
	meanR: 7.866881370544434
	meanRR: 0.3526969254016876
[1:29:50.101845][Epoch:   6][Iter:   3330][Loss: 2.754453][val loss: 2.893116][lr: 0.000448]
	No. questions: 18630
	r@1: 0.18459473966720344
	r@5: 0.5325281803542673
	r@10: 0.7398282340311326
	meanR: 7.9738593101501465
	meanRR: 0.34933117032051086
[1:32:26.177881][Epoch:   6][Iter:   3430][Loss: 2.642903][val loss: 2.916792][lr: 0.000438]
	No. questions: 18630
	r@1: 0.18341384863123994
	r@5: 0.5390767579173377
	r@10: 0.7431561996779388
	meanR: 8.023778915405273
	meanRR: 0.35081830620765686
[1:35:00.835322][Epoch:   6][Iter:   3530][Loss: 2.662942][val loss: 2.914728][lr: 0.000427]
	No. questions: 18630
	r@1: 0.1677938808373591
	r@5: 0.5129361245303274
	r@10: 0.7297369833601718
	meanR: 8.245088577270508
	meanRR: 0.3328157365322113
[1:37:35.665372][Epoch:   6][Iter:   3630][Loss: 2.710637][val loss: 2.966327][lr: 0.000417]
	No. questions: 18630
	r@1: 0.17691894793344068
	r@5: 0.5226516371443908
	r@10: 0.736231884057971
	meanR: 8.014278411865234
	meanRR: 0.3423289358615875
[1:40:11.050782][Epoch:   6][Iter:   3730][Loss: 2.708529][val loss: 2.927473][lr: 0.000407]
	No. questions: 18630
	r@1: 0.18223295759527644
	r@5: 0.5358561460010736
	r@10: 0.7420826623725174
	meanR: 7.870800018310547
	meanRR: 0.34809786081314087
[1:42:46.195447][Epoch:   6][Iter:   3830][Loss: 2.697001][val loss: 2.902044][lr: 0.000397]
	No. questions: 18630
	r@1: 0.19269994632313472
	r@5: 0.5440150295222759
	r@10: 0.7545893719806763
	meanR: 7.63939905166626
	meanRR: 0.35831934213638306
[1:45:22.138951][Epoch:   6][Iter:   3930][Loss: 2.661367][val loss: 2.866890][lr: 0.000388]
	No. questions: 18630
	r@1: 0.1902308105206656
	r@5: 0.543317230273752
	r@10: 0.7527106816961889
	meanR: 7.726784706115723
	meanRR: 0.3567016124725342
[1:47:29.694028][Epoch:   7][Iter:   3996][Loss: 2.728489][val loss: 2.867414][lr: 0.000382]
	No. questions: 18630
	r@1: 0.18888888888888888
	r@5: 0.5483091787439613
	r@10: 0.7541599570585078
	meanR: 7.691089630126953
	meanRR: 0.35602056980133057
[1:50:05.471278][Epoch:   7][Iter:   4096][Loss: 2.550137][val loss: 2.882148][lr: 0.000373]
	No. questions: 18630
	r@1: 0.1862050456253355
	r@5: 0.5352657004830917
	r@10: 0.7460547504025765
	meanR: 7.865324974060059
	meanRR: 0.3521322011947632
[1:52:41.148416][Epoch:   7][Iter:   4196][Loss: 2.558750][val loss: 2.908910][lr: 0.000364]
	No. questions: 18630
	r@1: 0.19173376274825552
	r@5: 0.5482555018786903
	r@10: 0.7572732152442297
	meanR: 7.5936126708984375
	meanRR: 0.3588256239891052
[1:55:16.576679][Epoch:   7][Iter:   4296][Loss: 2.619097][val loss: 2.851973][lr: 0.000355]
	No. questions: 18630
	r@1: 0.19291465378421901
	r@5: 0.5484702093397745
	r@10: 0.7586688137412775
	meanR: 7.626355171203613
	meanRR: 0.3604244887828827
[1:57:52.372371][Epoch:   7][Iter:   4396][Loss: 2.617083][val loss: 2.860421][lr: 0.000347]
	No. questions: 18630
	r@1: 0.19554482018250136
	r@5: 0.5545356951154052
	r@10: 0.7596349973161567
	meanR: 7.533494472503662
	meanRR: 0.36387598514556885
[2:00:28.403222][Epoch:   7][Iter:   4496][Loss: 2.664763][val loss: 2.836485][lr: 0.000339]
	No. questions: 18630
	r@1: 0.19769189479334406
	r@5: 0.5568974771873323
	r@10: 0.7615673644659152
	meanR: 7.462104320526123
	meanRR: 0.3656722605228424
[2:03:03.167138][Epoch:   7][Iter:   4596][Loss: 2.651288][val loss: 2.836020][lr: 0.000331]
	No. questions: 18630
	r@1: 0.20123456790123456
	r@5: 0.5584004294149222
	r@10: 0.7618894256575416
	meanR: 7.4339776039123535
	meanRR: 0.36788272857666016
[2:05:11.090649][Epoch:   8][Iter:   4662][Loss: 2.654478][val loss: 2.823259][lr: 0.000325]
	No. questions: 18630
	r@1: 0.1927536231884058
	r@5: 0.5489533011272142
	r@10: 0.7564143853998927
	meanR: 7.645303249359131
	meanRR: 0.3599022924900055
[2:07:47.039407][Epoch:   8][Iter:   4762][Loss: 2.495741][val loss: 2.878741][lr: 0.000318]
	No. questions: 18630
	r@1: 0.19822866344605475
	r@5: 0.556629092860977
	r@10: 0.759849704777241
	meanR: 7.568491458892822
	meanRR: 0.3642179071903229
[2:10:23.075926][Epoch:   8][Iter:   4862][Loss: 2.515098][val loss: 2.855403][lr: 0.000310]
	No. questions: 18630
	r@1: 0.19334406870638754
	r@5: 0.5546967257112184
	r@10: 0.7602791196994095
	meanR: 7.540042877197266
	meanRR: 0.36128127574920654
[2:12:58.859221][Epoch:   8][Iter:   4962][Loss: 2.564935][val loss: 2.858274][lr: 0.000303]
	No. questions: 18630
	r@1: 0.19924852388620504
	r@5: 0.5516371443907676
	r@10: 0.7579173376274826
	meanR: 7.62356424331665
	meanRR: 0.3643864691257477
[2:15:33.925222][Epoch:   8][Iter:   5062][Loss: 2.553769][val loss: 2.849679][lr: 0.000295]
	No. questions: 18630
	r@1: 0.200805152979066
	r@5: 0.5558239398819109
	r@10: 0.7616747181964574
	meanR: 7.534030914306641
	meanRR: 0.3670906126499176
[2:18:10.213854][Epoch:   8][Iter:   5162][Loss: 2.547136][val loss: 2.843122][lr: 0.000288]
	No. questions: 18630
	r@1: 0.20477724100912506
	r@5: 0.5661835748792271
	r@10: 0.77085346215781
	meanR: 7.333333492279053
	meanRR: 0.3716866672039032
[2:20:45.872833][Epoch:   8][Iter:   5262][Loss: 2.589609][val loss: 2.815098][lr: 0.000282]
	No. questions: 18630
	r@1: 0.19710144927536233
	r@5: 0.5637144390767579
	r@10: 0.7703166935050993
	meanR: 7.307944297790527
	meanRR: 0.3675493597984314
[2:22:54.032495][Epoch:   9][Iter:   5328][Loss: 2.553823][val loss: 2.812197][lr: 0.000277]
	No. questions: 18630
	r@1: 0.2010198604401503
	r@5: 0.5639828234031132
	r@10: 0.76532474503489
	meanR: 7.39978551864624
	meanRR: 0.36976248025894165
[2:25:29.592307][Epoch:   9][Iter:   5428][Loss: 2.420619][val loss: 2.835150][lr: 0.000271]
	No. questions: 18630
	r@1: 0.20730005367686527
	r@5: 0.562157809983897
	r@10: 0.7641438539989265
	meanR: 7.443478107452393
	meanRR: 0.37279555201530457
[2:28:05.326837][Epoch:   9][Iter:   5528][Loss: 2.475762][val loss: 2.840566][lr: 0.000264]
	No. questions: 18630
	r@1: 0.20628019323671498
	r@5: 0.568491680085883
	r@10: 0.7705314009661836
	meanR: 7.306387424468994
	meanRR: 0.37432920932769775
[2:30:40.927996][Epoch:   9][Iter:   5628][Loss: 2.448320][val loss: 2.810052][lr: 0.000258]
	No. questions: 18630
	r@1: 0.19339774557165862
	r@5: 0.5500805152979066
	r@10: 0.7562533548040794
	meanR: 7.670907020568848
	meanRR: 0.359986275434494
[2:33:17.143319][Epoch:   9][Iter:   5728][Loss: 2.469360][val loss: 2.875554][lr: 0.000252]
	No. questions: 18630
	r@1: 0.19221685453569512
	r@5: 0.5565217391304348
	r@10: 0.7621578099838969
	meanR: 7.511325836181641
	meanRR: 0.3608264923095703
[2:35:53.455997][Epoch:   9][Iter:   5828][Loss: 2.475774][val loss: 2.866047][lr: 0.000246]
	No. questions: 18630
	r@1: 0.21137949543746645
	r@5: 0.573268921095008
	r@10: 0.7705850778314547
	meanR: 7.20579719543457
	meanRR: 0.37946605682373047
[2:38:29.422423][Epoch:   9][Iter:   5928][Loss: 2.503683][val loss: 2.780150][lr: 0.000240]
	No. questions: 18630
	r@1: 0.20751476113794953
	r@5: 0.5723564143853999
	r@10: 0.7783145464304885
	meanR: 7.169940948486328
	meanRR: 0.37637537717819214
[2:40:36.955135][Epoch:  10][Iter:   5994][Loss: 2.533829][val loss: 2.786631][lr: 0.000236]
	No. questions: 18630
	r@1: 0.20402576489533011
	r@5: 0.5711218464841653
	r@10: 0.773215244229737
	meanR: 7.282769680023193
	meanRR: 0.37448957562446594
[2:43:13.334973][Epoch:  10][Iter:   6094][Loss: 2.385657][val loss: 2.830041][lr: 0.000230]
	No. questions: 18630
	r@1: 0.19758454106280193
	r@5: 0.5556629092860977
	r@10: 0.7626945786366076
	meanR: 7.54562520980835
	meanRR: 0.36515647172927856
[2:45:48.410688][Epoch:  10][Iter:   6194][Loss: 2.425676][val loss: 2.853970][lr: 0.000225]
	No. questions: 18630
	r@1: 0.20585077831454643
	r@5: 0.567740203972088
	r@10: 0.7702093397745572
	meanR: 7.317015647888184
	meanRR: 0.37331026792526245
[2:48:24.409299][Epoch:  10][Iter:   6294][Loss: 2.435982][val loss: 2.815192][lr: 0.000220]
	No. questions: 18630
	r@1: 0.2099302200751476
	r@5: 0.5750939345142244
	r@10: 0.7762748255501879
	meanR: 7.263875484466553
	meanRR: 0.3786739706993103
[2:50:59.074124][Epoch:  10][Iter:   6394][Loss: 2.432257][val loss: 2.798934][lr: 0.000214]
	No. questions: 18630
	r@1: 0.2123456790123457
	r@5: 0.5774557165861514
	r@10: 0.7743424584004294
	meanR: 7.220665454864502
	meanRR: 0.3804152309894562
[2:53:34.046546][Epoch:  10][Iter:   6494][Loss: 2.449544][val loss: 2.799184][lr: 0.000209]
	No. questions: 18630
	r@1: 0.2106280193236715
	r@5: 0.5801932367149758
	r@10: 0.780300590445518
	meanR: 7.117069244384766
	meanRR: 0.38095104694366455
[2:56:09.430439][Epoch:  10][Iter:   6594][Loss: 2.422643][val loss: 2.781608][lr: 0.000204]
	No. questions: 18630
	r@1: 0.2074074074074074
	r@5: 0.5638217928073
	r@10: 0.769296833064949
	meanR: 7.2895331382751465
	meanRR: 0.37446993589401245
[2:58:17.921214][Epoch:  11][Iter:   6660][Loss: 2.510882][val loss: 2.810929][lr: 0.000201]
	No. questions: 18630
	r@1: 0.20815888352120235
	r@5: 0.5711755233494364
	r@10: 0.7724637681159421
	meanR: 7.2512078285217285
	meanRR: 0.3766880929470062
[3:00:54.186402][Epoch:  11][Iter:   6760][Loss: 2.329344][val loss: 2.810410][lr: 0.000196]
	No. questions: 18630
	r@1: 0.2060654857756307
	r@5: 0.5672034353193773
	r@10: 0.7687600644122383
	meanR: 7.363821983337402
	meanRR: 0.37350866198539734
[3:03:29.479058][Epoch:  11][Iter:   6860][Loss: 2.350894][val loss: 2.833489][lr: 0.000192]
	No. questions: 18630
	r@1: 0.2052066559312936
	r@5: 0.5752549651100376
	r@10: 0.7793344068706387
	meanR: 7.215137004852295
	meanRR: 0.375948965549469
[3:06:04.558875][Epoch:  11][Iter:   6960][Loss: 2.382608][val loss: 2.806587][lr: 0.000187]
	No. questions: 18630
	r@1: 0.21390230810520666
	r@5: 0.5777241009125067
	r@10: 0.7796564680622652
	meanR: 7.161942958831787
	meanRR: 0.3833085894584656
[3:08:40.605735][Epoch:  11][Iter:   7060][Loss: 2.358230][val loss: 2.790600][lr: 0.000183]
	No. questions: 18630
	r@1: 0.21019860440150295
	r@5: 0.5691358024691358
	r@10: 0.7744498121309715
	meanR: 7.282018184661865
	meanRR: 0.37763187289237976
[3:11:16.509187][Epoch:  11][Iter:   7160][Loss: 2.366026][val loss: 2.811100][lr: 0.000178]
	No. questions: 18630
	r@1: 0.2087493290391841
	r@5: 0.5765432098765432
	r@10: 0.7800322061191627
	meanR: 7.152549743652344
	meanRR: 0.37845149636268616
[3:13:52.325952][Epoch:  11][Iter:   7260][Loss: 2.384855][val loss: 2.801477][lr: 0.000174]
	No. questions: 18630
	r@1: 0.21266774020397208
	r@5: 0.5725711218464842
	r@10: 0.777992485238862
	meanR: 7.171819686889648
	meanRR: 0.38081011176109314
[3:15:59.145672][Epoch:  12][Iter:   7326][Loss: 2.392956][val loss: 2.794053][lr: 0.000171]
	No. questions: 18630
	r@1: 0.20923242082662372
	r@5: 0.5731615673644659
	r@10: 0.7737520128824477
	meanR: 7.214975833892822
	meanRR: 0.37846827507019043
[3:18:35.426736][Epoch:  12][Iter:   7426][Loss: 2.276343][val loss: 2.818805][lr: 0.000167]
	No. questions: 18630
	r@1: 0.2128287707997853
	r@5: 0.5699946323134729
	r@10: 0.7755233494363929
	meanR: 7.2472357749938965
	meanRR: 0.37937483191490173
[3:21:10.307961][Epoch:  12][Iter:   7526][Loss: 2.293014][val loss: 2.807538][lr: 0.000163]
	No. questions: 18630
	r@1: 0.2055823939881911
	r@5: 0.5733225979602791
	r@10: 0.7791733762748255
	meanR: 7.170531272888184
	meanRR: 0.37601548433303833
[3:23:45.153901][Epoch:  12][Iter:   7626][Loss: 2.321899][val loss: 2.820500][lr: 0.000159]
	No. questions: 18630
	r@1: 0.2133118625872249
	r@5: 0.5713365539452496
	r@10: 0.7727858293075685
	meanR: 7.242243766784668
	meanRR: 0.3802696764469147
[3:26:21.257671][Epoch:  12][Iter:   7726][Loss: 2.276117][val loss: 2.828729][lr: 0.000156]
	No. questions: 18630
	r@1: 0.21964573268921095
	r@5: 0.5812130971551261
	r@10: 0.7784219001610306
	meanR: 7.192270755767822
	meanRR: 0.3868982195854187
[3:28:55.609503][Epoch:  12][Iter:   7826][Loss: 2.357113][val loss: 2.788403][lr: 0.000152]
	No. questions: 18630
	r@1: 0.2064412238325282
	r@5: 0.5718733225979603
	r@10: 0.7758990874932904
	meanR: 7.232474327087402
	meanRR: 0.37629759311676025
[3:31:30.058590][Epoch:  12][Iter:   7926][Loss: 2.347574][val loss: 2.815539][lr: 0.000148]
	No. questions: 18630
	r@1: 0.21728395061728395
	r@5: 0.5806763285024155
	r@10: 0.7829844337090713
	meanR: 7.053677082061768
	meanRR: 0.38533714413642883
[3:33:36.313533][Epoch:  13][Iter:   7992][Loss: 2.302592][val loss: 2.786713][lr: 0.000146]
	No. questions: 18630
	r@1: 0.214170692431562
	r@5: 0.5822329575952765
	r@10: 0.7820182501341921
	meanR: 7.101341724395752
	meanRR: 0.3838973641395569
[3:36:10.891944][Epoch:  13][Iter:   8092][Loss: 2.199406][val loss: 2.803847][lr: 0.000142]
	No. questions: 18630
	r@1: 0.2097691894793344
	r@5: 0.5751476113794954
	r@10: 0.7767579173376274
	meanR: 7.201502799987793
	meanRR: 0.3783690333366394
[3:38:45.880759][Epoch:  13][Iter:   8192][Loss: 2.226876][val loss: 2.817058][lr: 0.000139]
	No. questions: 18630
	r@1: 0.2140096618357488
	r@5: 0.5815351583467525
	r@10: 0.7812667740203972
	meanR: 7.064090251922607
	meanRR: 0.38307473063468933
[3:41:20.518446][Epoch:  13][Iter:   8292][Loss: 2.272468][val loss: 2.806993][lr: 0.000136]
	No. questions: 18630
	r@1: 0.20848094471282877
	r@5: 0.572410091250671
	r@10: 0.774771873322598
	meanR: 7.25330114364624
	meanRR: 0.3770770728588104
[3:43:55.207083][Epoch:  13][Iter:   8392][Loss: 2.306223][val loss: 2.819390][lr: 0.000132]
	No. questions: 18630
	r@1: 0.21320450885668277
	r@5: 0.5805152979066023
	r@10: 0.7798711755233494
	meanR: 7.1087493896484375
	meanRR: 0.38203203678131104
[3:46:31.778728][Epoch:  13][Iter:   8492][Loss: 2.293397][val loss: 2.799366][lr: 0.000129]
	No. questions: 18630
	r@1: 0.2146537842190016
	r@5: 0.578743961352657
	r@10: 0.7784755770263017
	meanR: 7.152227401733398
	meanRR: 0.38304194808006287
[3:49:07.431696][Epoch:  13][Iter:   8592][Loss: 2.303735][val loss: 2.804820][lr: 0.000126]
	No. questions: 18630
	r@1: 0.21594202898550724
	r@5: 0.5822329575952765
	r@10: 0.7798174986580784
	meanR: 7.044981002807617
	meanRR: 0.3854702413082123
[3:51:15.354804][Epoch:  14][Iter:   8658][Loss: 2.285755][val loss: 2.785933][lr: 0.000124]
	No. questions: 18630
	r@1: 0.21690821256038648
	r@5: 0.5806763285024155
	r@10: 0.7806763285024154
	meanR: 7.128609657287598
	meanRR: 0.3856525421142578
[3:53:50.251394][Epoch:  14][Iter:   8758][Loss: 2.186925][val loss: 2.810196][lr: 0.000121]
	No. questions: 18630
	r@1: 0.20917874396135266
	r@5: 0.5689747718733226
	r@10: 0.7738593666129898
	meanR: 7.360869407653809
	meanRR: 0.37668541073799133
[3:56:24.487251][Epoch:  14][Iter:   8858][Loss: 2.204960][val loss: 2.844212][lr: 0.000118]
	No. questions: 18630
	r@1: 0.21202361782071927
	r@5: 0.5755233494363929
	r@10: 0.7781535158346753
	meanR: 7.201771259307861
	meanRR: 0.38039836287498474
[3:58:59.174936][Epoch:  14][Iter:   8958][Loss: 2.212179][val loss: 2.814144][lr: 0.000116]
	No. questions: 18630
	r@1: 0.21384863123993558
	r@5: 0.5806226516371444
	r@10: 0.7815888352120236
	meanR: 7.120934009552002
	meanRR: 0.38294658064842224
[4:01:34.208972][Epoch:  14][Iter:   9058][Loss: 2.281942][val loss: 2.794181][lr: 0.000113]
	No. questions: 18630
	r@1: 0.21529790660225442
	r@5: 0.5814814814814815
	r@10: 0.7816961889425658
	meanR: 7.063499927520752
	meanRR: 0.3851780593395233
[4:04:10.189915][Epoch:  14][Iter:   9158][Loss: 2.214510][val loss: 2.800625][lr: 0.000110]
	No. questions: 18630
	r@1: 0.21089640365002685
	r@5: 0.5758454106280193
	r@10: 0.7799248523886205
	meanR: 7.137734889984131
	meanRR: 0.38023778796195984
[4:06:46.145251][Epoch:  14][Iter:   9258][Loss: 2.249932][val loss: 2.811803][lr: 0.000108]
	No. questions: 18630
	r@1: 0.21277509393451421
	r@5: 0.5757917337627483
	r@10: 0.7793880837359098
	meanR: 7.180461406707764
	meanRR: 0.3818434774875641
[4:08:54.053419][Epoch:  15][Iter:   9324][Loss: 2.295737][val loss: 2.812863][lr: 0.000106]
	No. questions: 18630
	r@1: 0.21175523349436393
	r@5: 0.5821792807300054
	r@10: 0.7794417606011809
	meanR: 7.1139020919799805
	meanRR: 0.38190126419067383
[4:11:29.899820][Epoch:  15][Iter:   9424][Loss: 2.141979][val loss: 2.826974][lr: 0.000103]
	No. questions: 18630
	r@1: 0.2129898013955985
	r@5: 0.5798174986580784
	r@10: 0.7837359098228663
	meanR: 7.06757926940918
	meanRR: 0.38297924399375916
[4:14:04.827824][Epoch:  15][Iter:   9524][Loss: 2.103145][val loss: 2.835860][lr: 0.000101]
	No. questions: 18630
	r@1: 0.21003757380568974
	r@5: 0.5722490606548578
	r@10: 0.7743424584004294
	meanR: 7.298980236053467
	meanRR: 0.3788432478904724
[4:16:39.855573][Epoch:  15][Iter:   9624][Loss: 2.194975][val loss: 2.835690][lr: 0.000098]
	No. questions: 18630
	r@1: 0.21100375738056898
	r@5: 0.5789049919484702
	r@10: 0.7798174986580784
	meanR: 7.152710914611816
	meanRR: 0.379845529794693
[4:19:16.001255][Epoch:  15][Iter:   9724][Loss: 2.172201][val loss: 2.817118][lr: 0.000096]
	No. questions: 18630
	r@1: 0.21529790660225442
	r@5: 0.5828770799785292
	r@10: 0.7807836822329576
	meanR: 7.126355171203613
	meanRR: 0.3842678964138031
[4:21:51.851552][Epoch:  15][Iter:   9824][Loss: 2.211438][val loss: 2.809511][lr: 0.000094]
	No. questions: 18630
	r@1: 0.2146537842190016
	r@5: 0.5822329575952765
	r@10: 0.7813741277509394
	meanR: 7.099624156951904
	meanRR: 0.38378503918647766
[4:24:27.486561][Epoch:  15][Iter:   9924][Loss: 2.197419][val loss: 2.805703][lr: 0.000092]
	No. questions: 18630
	r@1: 0.21502952227589908
	r@5: 0.5816961889425658
	r@10: 0.7804616210413312
	meanR: 7.085131645202637
	meanRR: 0.3849979043006897
[4:26:35.321332][Epoch:  16][Iter:   9990][Loss: 2.213279][val loss: 2.793932][lr: 0.000090]
	No. questions: 18630
	r@1: 0.21390230810520666
	r@5: 0.5791196994095544
	r@10: 0.779495437466452
	meanR: 7.231508255004883
	meanRR: 0.3833164870738983
[4:29:11.203331][Epoch:  16][Iter:  10090][Loss: 2.123266][val loss: 2.839741][lr: 0.000088]
	No. questions: 18630
	r@1: 0.2119699409554482
	r@5: 0.5807836822329576
	r@10: 0.7840042941492217
	meanR: 7.053247451782227
	meanRR: 0.38277408480644226
[4:31:46.066225][Epoch:  16][Iter:  10190][Loss: 2.130679][val loss: 2.822054][lr: 0.000086]
	No. questions: 18630
	r@1: 0.21460010735373053
	r@5: 0.5820719269994632
	r@10: 0.7821256038647343
	meanR: 7.082340240478516
	meanRR: 0.3844309449195862
[4:34:21.204197][Epoch:  16][Iter:  10290][Loss: 2.118925][val loss: 2.817991][lr: 0.000084]
	No. questions: 18630
	r@1: 0.21551261406333871
	r@5: 0.5752012882447665
	r@10: 0.7767579173376274
	meanR: 7.225281715393066
	meanRR: 0.3830130100250244
[4:36:55.864189][Epoch:  16][Iter:  10390][Loss: 2.143034][val loss: 2.827953][lr: 0.000082]
	No. questions: 18630
	r@1: 0.21680085882984435
	r@5: 0.5806226516371444
	r@10: 0.7811594202898551
	meanR: 7.113580226898193
	meanRR: 0.3852289319038391
[4:39:30.723073][Epoch:  16][Iter:  10490][Loss: 2.200658][val loss: 2.810505][lr: 0.000080]
	No. questions: 18630
	r@1: 0.216532474503489
	r@5: 0.5828234031132582
	r@10: 0.780300590445518
	meanR: 7.136446475982666
	meanRR: 0.3864153325557709
[4:42:04.923474][Epoch:  16][Iter:  10590][Loss: 2.192362][val loss: 2.810961][lr: 0.000078]
	No. questions: 18630
	r@1: 0.21460010735373053
	r@5: 0.5825013419216317
	r@10: 0.784219001610306
	meanR: 7.036768436431885
	meanRR: 0.384974867105484
[4:44:12.377665][Epoch:  17][Iter:  10656][Loss: 2.113748][val loss: 2.811595][lr: 0.000077]
	No. questions: 18630
	r@1: 0.21615673644659153
	r@5: 0.5833601717659689
	r@10: 0.7806226516371444
	meanR: 7.113150596618652
	meanRR: 0.38517820835113525
[4:46:46.663851][Epoch:  17][Iter:  10756][Loss: 2.057591][val loss: 2.819659][lr: 0.000075]
	No. questions: 18630
	r@1: 0.21594202898550724
	r@5: 0.5798711755233494
	r@10: 0.7790660225442834
	meanR: 7.153301239013672
	meanRR: 0.38370415568351746
[4:49:20.946399][Epoch:  17][Iter:  10856][Loss: 2.116216][val loss: 2.832460][lr: 0.000073]
	No. questions: 18630
	r@1: 0.21132581857219537
	r@5: 0.5788513150831991
	r@10: 0.7814814814814814
	meanR: 7.103220462799072
	meanRR: 0.38166674971580505
[4:51:55.149387][Epoch:  17][Iter:  10956][Loss: 2.091166][val loss: 2.840206][lr: 0.000071]
	No. questions: 18630
	r@1: 0.21154052603327966
	r@5: 0.5812667740203972
	r@10: 0.781105743424584
	meanR: 7.116908073425293
	meanRR: 0.38149967789649963
[4:54:29.421687][Epoch:  17][Iter:  11056][Loss: 2.109182][val loss: 2.828870][lr: 0.000070]
	No. questions: 18630
	r@1: 0.2121309715512614
	r@5: 0.5778851315083199
	r@10: 0.7778314546430488
	meanR: 7.289747714996338
	meanRR: 0.3813624382019043
[4:57:03.910275][Epoch:  17][Iter:  11156][Loss: 2.111938][val loss: 2.845814][lr: 0.000068]
	No. questions: 18630
	r@1: 0.2135265700483092
	r@5: 0.5777241009125067
	r@10: 0.7805152979066022
	meanR: 7.151583671569824
	meanRR: 0.3825446367263794
[4:59:39.435274][Epoch:  17][Iter:  11256][Loss: 2.122769][val loss: 2.833118][lr: 0.000066]
	No. questions: 18630
	r@1: 0.2163714439076758
	r@5: 0.5825550187869029
	r@10: 0.7806226516371444
	meanR: 7.079226970672607
	meanRR: 0.38491585850715637
[5:01:47.391446][Epoch:  18][Iter:  11322][Loss: 2.107030][val loss: 2.812444][lr: 0.000065]
	No. questions: 18630
	r@1: 0.2151368760064412
	r@5: 0.582662372517445
	r@10: 0.779602791196994
	meanR: 7.1334943771362305
	meanRR: 0.3835735321044922
[5:04:23.118496][Epoch:  18][Iter:  11422][Loss: 2.052975][val loss: 2.842298][lr: 0.000064]
	No. questions: 18630
	r@1: 0.21443907675791735
	r@5: 0.5840579710144927
	r@10: 0.782716049382716
	meanR: 7.091358184814453
	meanRR: 0.384201318025589
[5:06:58.268251][Epoch:  18][Iter:  11522][Loss: 2.064898][val loss: 2.847712][lr: 0.000062]
	No. questions: 18630
	r@1: 0.21368760064412237
	r@5: 0.5814814814814815
	r@10: 0.7821792807300054
	meanR: 7.202791213989258
	meanRR: 0.38293978571891785
[5:09:32.859506][Epoch:  18][Iter:  11622][Loss: 2.085707][val loss: 2.839215][lr: 0.000061]
	No. questions: 18630
	r@1: 0.2119699409554482
	r@5: 0.5740740740740741
	r@10: 0.7769726247987118
	meanR: 7.23370885848999
	meanRR: 0.3806630074977875
[5:12:07.229087][Epoch:  18][Iter:  11722][Loss: 2.066586][val loss: 2.853274][lr: 0.000059]
	No. questions: 18630
	r@1: 0.2107890499194847
	r@5: 0.5792270531400966
	r@10: 0.7845947396672034
	meanR: 7.117981910705566
	meanRR: 0.3820476531982422
[5:14:42.081606][Epoch:  18][Iter:  11822][Loss: 2.090735][val loss: 2.848990][lr: 0.000058]
	No. questions: 18630
	r@1: 0.21304347826086956
	r@5: 0.5806763285024155
	r@10: 0.7808910359634997
	meanR: 7.147235870361328
	meanRR: 0.3833240866661072
[5:17:16.863164][Epoch:  18][Iter:  11922][Loss: 2.082861][val loss: 2.831848][lr: 0.000057]
	No. questions: 18630
	r@1: 0.21132581857219537
	r@5: 0.5789049919484702
	r@10: 0.7797101449275362
	meanR: 7.182394027709961
	meanRR: 0.3812306523323059
[5:19:24.099325][Epoch:  19][Iter:  11988][Loss: 2.108215][val loss: 2.839617][lr: 0.000056]
	No. questions: 18630
	r@1: 0.21760601180891037
	r@5: 0.581052066559313
	r@10: 0.7831991411701557
	meanR: 7.171926975250244
	meanRR: 0.385029137134552
[5:21:59.743341][Epoch:  19][Iter:  12088][Loss: 1.996048][val loss: 2.846954][lr: 0.000054]
	No. questions: 18630
	r@1: 0.21336553945249598
	r@5: 0.578743961352657
	r@10: 0.7752012882447665
	meanR: 7.2743425369262695
	meanRR: 0.3818143308162689
[5:24:35.442928][Epoch:  19][Iter:  12188][Loss: 2.007105][val loss: 2.873153][lr: 0.000053]
	No. questions: 18630
	r@1: 0.21712292002147074
	r@5: 0.5790660225442834
	r@10: 0.779495437466452
	meanR: 7.184111595153809
	meanRR: 0.38440555334091187
[5:27:11.564396][Epoch:  19][Iter:  12288][Loss: 2.039596][val loss: 2.858050][lr: 0.000052]
	No. questions: 18630
	r@1: 0.21502952227589908
	r@5: 0.5797101449275363
	r@10: 0.7825013419216318
	meanR: 7.146430492401123
	meanRR: 0.3839765191078186
[5:29:47.445414][Epoch:  19][Iter:  12388][Loss: 2.070214][val loss: 2.845748][lr: 0.000051]
	No. questions: 18630
	r@1: 0.2121309715512614
	r@5: 0.5808910359634998
	r@10: 0.7812667740203972
	meanR: 7.1119160652160645
	meanRR: 0.3824552595615387
[5:32:23.021791][Epoch:  19][Iter:  12488][Loss: 2.023815][val loss: 2.844726][lr: 0.000050]
	No. questions: 18630
	r@1: 0.21717659688674182
	r@5: 0.5748255501878691
	r@10: 0.7794417606011809
	meanR: 7.230112552642822
	meanRR: 0.3834567070007324
[5:34:58.164220][Epoch:  19][Iter:  12588][Loss: 2.099734][val loss: 2.844805][lr: 0.000050]
	No. questions: 18630
	r@1: 0.21529790660225442
	r@5: 0.5797638217928073
	r@10: 0.7810520665593129
	meanR: 7.1606550216674805
	meanRR: 0.3841625452041626
[5:37:04.770546][Epoch:  20][Iter:  12654][Loss: 2.072956][val loss: 2.838317][lr: 0.000050]
	No. questions: 18630
	r@1: 0.2146537842190016
	r@5: 0.5769726247987118
	r@10: 0.7809447128287708
	meanR: 7.152978897094727
	meanRR: 0.3835528790950775
[5:39:39.994511][Epoch:  20][Iter:  12754][Loss: 2.002482][val loss: 2.863066][lr: 0.000050]
	No. questions: 18630
	r@1: 0.21132581857219537
	r@5: 0.5784219001610306
	r@10: 0.7814278046162104
	meanR: 7.159098148345947
	meanRR: 0.3815610408782959
[5:42:15.187159][Epoch:  20][Iter:  12854][Loss: 1.983551][val loss: 2.871684][lr: 0.000050]
	No. questions: 18630
	r@1: 0.21594202898550724
	r@5: 0.5799248523886205
	r@10: 0.7839506172839507
	meanR: 7.1254963874816895
	meanRR: 0.38494378328323364
[5:44:50.743223][Epoch:  20][Iter:  12954][Loss: 1.981749][val loss: 2.862003][lr: 0.000050]
	No. questions: 18630
	r@1: 0.21406333870101987
	r@5: 0.5807300053676865
	r@10: 0.7812667740203972
	meanR: 7.169994831085205
	meanRR: 0.383534699678421
[5:47:26.622910][Epoch:  20][Iter:  13054][Loss: 2.056637][val loss: 2.841466][lr: 0.000050]
	No. questions: 18630
	r@1: 0.21551261406333871
	r@5: 0.5777777777777777
	r@10: 0.7797638217928073
	meanR: 7.153140068054199
	meanRR: 0.3838828504085541
[5:50:02.602064][Epoch:  20][Iter:  13154][Loss: 2.035152][val loss: 2.863494][lr: 0.000050]
	No. questions: 18630
	r@1: 0.2119699409554482
	r@5: 0.577992485238862
	r@10: 0.7796564680622652
	meanR: 7.1646270751953125
	meanRR: 0.3812595009803772
[5:52:37.019714][Epoch:  20][Iter:  13254][Loss: 2.058542][val loss: 2.856580][lr: 0.000050]
wandb: Waiting for W&B process to finish, PID 2647563
wandb: Program ended successfully.
wandb: - 0.00MB of 0.00MB uploaded (0.00MB deduped)wandb: \ 0.04MB of 0.04MB uploaded (0.00MB deduped)wandb:                                                                                
wandb: Find user logs for this run at: wandb/run-20201007_103227-jthm422t/logs/debug.log
wandb: Find internal logs for this run at: wandb/run-20201007_103227-jthm422t/logs/debug-internal.log
wandb: Run summary:
wandb:   Train Loss 2.0585416230376232
wandb:     Val Loss 2.856580280340635
wandb:          r@1 0.2119699409554482
wandb:          r@5 0.577992485238862
wandb:         r@10 0.7796564680622652
wandb:        meanR 7.1646270751953125
wandb:       meanRR 0.3812595009803772
wandb:        Epoch 20
wandb:        _step 139
wandb:     _runtime 21174
wandb:   _timestamp 1602084322
wandb: Run history:
wandb:   Train Loss █▆▅▄▄▄▄▄▃▃▃▃▃▃▃▃▂▂▃▂▂▂▂▂▂▂▂▂▁▂▁▁▁▁▁▁▁▁▁▁
wandb:     Val Loss █▆▄▃▃▃▂▂▂▂▂▂▁▁▁▁▁▁▁▁▁▁▁▁▁▁▁▁▁▁▁▁▁▁▁▁▁▁▁▁
wandb:          r@1 ▁▂▄▅▅▅▆▆▆▇▇▆▇▇▇▇▇▇██████████████████████
wandb:          r@5 ▁▃▅▆▆▆▇▇▇▇▇▇▇███████████████████████████
wandb:         r@10 ▁▃▅▆▇▇▇▇▇▇▇▇████████████████████████████
wandb:        meanR █▅▃▂▂▂▂▁▂▁▁▁▁▁▁▁▁▁▁▁▁▁▁▁▁▁▁▁▁▁▁▁▁▁▁▁▁▁▁▁
wandb:       meanRR ▁▃▄▅▆▆▆▇▇▇▇▇▇▇█▇█▇██████████████████████
wandb:        Epoch ▁▁▁▁▂▂▂▂▂▂▃▃▃▃▄▄▄▄▄▄▅▅▅▅▅▅▆▆▆▆▇▇▇▇▇▇████
wandb:        _step ▁▁▁▂▂▂▂▂▂▃▃▃▃▃▃▄▄▄▄▄▅▅▅▅▅▅▆▆▆▆▆▆▇▇▇▇▇███
wandb:     _runtime ▁▁▁▂▂▂▂▂▂▃▃▃▃▃▃▄▄▄▄▄▅▅▅▅▅▅▆▆▆▆▆▆▇▇▇▇▇███
wandb:   _timestamp ▁▁▁▂▂▂▂▂▂▃▃▃▃▃▃▄▄▄▄▄▅▅▅▅▅▅▆▆▆▆▆▆▇▇▇▇▇███
wandb: Synced 5 W&B file(s), 0 media file(s), 0 artifact file(s) and 0 other file(s)
wandb: 
wandb: Synced dva_MRC-concgt300_train: https://app.wandb.ai/visual-modelling/a_vs_c/runs/jthm422t

